<?xml version="1.0" encoding="UTF-8"?>
<!-- Generated by org.testng.reporters.JUnitXMLReporter -->
<testsuite ignored="0" hostname="Senuris-MacBook-Pro.local" failures="0" tests="2" name="operator tests" time="224.44" errors="0" timestamp="2024-09-26T17:47:33 IST">
  <testcase classname="com.cutanddry.qa.tests.OrderGuide.EditProductQtyFrmCatalogTest" name="editProductQtyFrmCatalog" time="94.724"/>
  <testcase classname="com.cutanddry.qa.tests.OrderGuide.VerifyCreatingOrdersWithCatalogItemsTest" name="verifyCreatingOrdersWithCatalogItems" time="105.109"/>
</testsuite> <!-- operator tests -->
