<?xml version="1.0" encoding="UTF-8"?>
<testsuite xmlns:xsi="http://www.w3.org/2001/XMLSchema-instance" xsi:noNamespaceSchemaLocation="https://maven.apache.org/surefire/maven-surefire-plugin/xsd/surefire-test-report-3.0.xsd" version="3.0" name="TestSuite" time="308.396" tests="11" errors="0" skipped="0" failures="0">
  <properties>
[...]
</properties>
  <testcase name="VerifyCustomerOrderGuide" classname="com.cutanddry.qa.synthetic_monitoring.dicarlo.VerifyCustomerOrderGuideTest" time="29.399">
    <system-err><![CDATA[Oct 30, 2024 11:56:36 AM org.openqa.selenium.manager.SeleniumManager lambda$runCommand$1
WARNING: The chromedriver version (129.0.6668.58) detected in PATH at /usr/local/bin/chromedriver might not be compatible with the detected chrome version (130.0.6723.91); currently, chromedriver 130.0.6723.91 is recommended for chrome 130.*, so it is advised to delete the driver in PATH and retry
Oct 30, 2024 11:56:37 AM org.openqa.selenium.devtools.CdpVersionFinder findNearestMatch
WARNING: Unable to find an exact match for CDP version 130, returning the closest version; found: 129; Please update to a Selenium version that supports CDP version 130
Oct 30, 2024 11:56:40 AM com.cutanddry.qa.base.TestBase initialization
INFO: WebDriver initialized and navigated to the URL: https://app.cutanddry.com/
[TestNG-tests-1] INFO com.cutanddry.qa.base.KeywordBase - Sent keys to element: By.xpath: //input[@placeholder='Email or mobile'] with data: 415-505-5531
[TestNG-tests-1] INFO com.cutanddry.qa.base.KeywordBase - Sent keys to element: By.xpath: //input[@placeholder='Password'] with data: NovaN@123
[TestNG-tests-1] INFO com.cutanddry.qa.base.KeywordBase - Clicked on element: By.xpath: //button[@type='submit']
[TestNG-tests-1] INFO com.cutanddry.qa.base.KeywordBase - Waited for visibility of element: By.xpath: //div[text()='Place Order']
[TestNG-tests-1] INFO com.cutanddry.qa.base.KeywordBase - Element is displayed: By.xpath: //div[text()='Place Order']
[TestNG-tests-1] INFO com.cutanddry.qa.base.KeywordBase - Navigated to URL: https://internal.cutanddry.com/internaltools/loginas
[TestNG-tests-1] INFO com.cutanddry.qa.base.KeywordBase - Sent keys to element: By.xpath: //div[text()='Select...']/following::input[@type='text'] with data: 238822705
[TestNG-tests-1] INFO com.cutanddry.qa.base.KeywordBase - Element is displayed: By.xpath: //div[contains(@class, 'css-1n7v3ny-option') and contains(text(), '238822705')]
[TestNG-tests-1] INFO com.cutanddry.qa.base.KeywordBase - Clicked on element: By.xpath: //div[contains(@class, 'css-1n7v3ny-option') and contains(text(), '238822705')]
[TestNG-tests-1] INFO com.cutanddry.qa.base.KeywordBase - Got attribute 'href' value from element: By.xpath: //a[contains(text(), 'Login As')] - Value: https://dicarlo.cutanddry.com/loginas/user/238822705?access_token=MWM5ODJkMDVkMjAzMzJmZmY1NjEyZmIyN2MxOTE1N2ZhYzI2YzA5M2IwMGUwNmI0NzVhODZjNTIxNjc3N2Q5MzE3MzAyNzMyMTE6MjA2MDM4MzUy
[TestNG-tests-1] INFO com.cutanddry.qa.base.KeywordBase - Navigated to URL: https://dicarlo.cutanddry.com/loginas/user/238822705?access_token=MWM5ODJkMDVkMjAzMzJmZmY1NjEyZmIyN2MxOTE1N2ZhYzI2YzA5M2IwMGUwNmI0NzVhODZjNTIxNjc3N2Q5MzE3MzAyNzMyMTE6MjA2MDM4MzUy
[TestNG-tests-1] INFO com.cutanddry.qa.base.KeywordBase - Clicked on element: By.xpath: //a[@data-tip='Place Order']
[TestNG-tests-1] INFO com.cutanddry.qa.base.KeywordBase - Waited for visibility of element: By.xpath: //div[contains(text(),'Order Guide')]
[TestNG-tests-1] INFO com.cutanddry.qa.base.KeywordBase - Element is displayed: By.xpath: //div[contains(text(),'Order Guide')]
]]></system-err>
  </testcase>
  <testcase name="VerifyCustomerCatalog" classname="com.cutanddry.qa.synthetic_monitoring.dicarlo.VerifyCustomerCatalogTest" time="31.432">
    <system-err><![CDATA[Oct 30, 2024 11:57:10 AM com.cutanddry.qa.base.TestBase closeAllBrowsers
INFO: All browsers are closed.
Oct 30, 2024 11:57:10 AM org.openqa.selenium.manager.SeleniumManager lambda$runCommand$1
WARNING: The chromedriver version (129.0.6668.58) detected in PATH at /usr/local/bin/chromedriver might not be compatible with the detected chrome version (130.0.6723.91); currently, chromedriver 130.0.6723.91 is recommended for chrome 130.*, so it is advised to delete the driver in PATH and retry
Oct 30, 2024 11:57:11 AM org.openqa.selenium.devtools.CdpVersionFinder findNearestMatch
WARNING: Unable to find an exact match for CDP version 130, returning the closest version; found: 129; Please update to a Selenium version that supports CDP version 130
Oct 30, 2024 11:57:14 AM com.cutanddry.qa.base.TestBase initialization
INFO: WebDriver initialized and navigated to the URL: https://app.cutanddry.com/
[TestNG-tests-1] INFO com.cutanddry.qa.base.KeywordBase - Sent keys to element: By.xpath: //input[@placeholder='Email or mobile'] with data: 415-505-5531
[TestNG-tests-1] INFO com.cutanddry.qa.base.KeywordBase - Sent keys to element: By.xpath: //input[@placeholder='Password'] with data: NovaN@123
[TestNG-tests-1] INFO com.cutanddry.qa.base.KeywordBase - Clicked on element: By.xpath: //button[@type='submit']
[TestNG-tests-1] INFO com.cutanddry.qa.base.KeywordBase - Waited for visibility of element: By.xpath: //div[text()='Place Order']
[TestNG-tests-1] INFO com.cutanddry.qa.base.KeywordBase - Element is displayed: By.xpath: //div[text()='Place Order']
[TestNG-tests-1] INFO com.cutanddry.qa.base.KeywordBase - Navigated to URL: https://internal.cutanddry.com/internaltools/loginas
[TestNG-tests-1] INFO com.cutanddry.qa.base.KeywordBase - Sent keys to element: By.xpath: //div[text()='Select...']/following::input[@type='text'] with data: 238822705
[TestNG-tests-1] INFO com.cutanddry.qa.base.KeywordBase - Element is displayed: By.xpath: //div[contains(@class, 'css-1n7v3ny-option') and contains(text(), '238822705')]
[TestNG-tests-1] INFO com.cutanddry.qa.base.KeywordBase - Clicked on element: By.xpath: //div[contains(@class, 'css-1n7v3ny-option') and contains(text(), '238822705')]
[TestNG-tests-1] INFO com.cutanddry.qa.base.KeywordBase - Got attribute 'href' value from element: By.xpath: //a[contains(text(), 'Login As')] - Value: https://dicarlo.cutanddry.com/loginas/user/238822705?access_token=NDM4YzFjMmQ0MWRmYWNiN2U3MDgyYWMyNzUyODYzYTI2ZmRjMmU2NDQ1Nzg1NDBkNTJjN2ViOTdkOTBmZGI1NTE3MzAyNzMyNDY6MjA2MDM4MzUy
[TestNG-tests-1] INFO com.cutanddry.qa.base.KeywordBase - Navigated to URL: https://dicarlo.cutanddry.com/loginas/user/238822705?access_token=NDM4YzFjMmQ0MWRmYWNiN2U3MDgyYWMyNzUyODYzYTI2ZmRjMmU2NDQ1Nzg1NDBkNTJjN2ViOTdkOTBmZGI1NTE3MzAyNzMyNDY6MjA2MDM4MzUy
[TestNG-tests-1] INFO com.cutanddry.qa.base.KeywordBase - Clicked on element: By.xpath: //a[@data-tip='Place Order']
[TestNG-tests-1] INFO com.cutanddry.qa.base.KeywordBase - Waited for visibility of element: By.xpath: //div[contains(text(),'Order Guide')]
[TestNG-tests-1] INFO com.cutanddry.qa.base.KeywordBase - Element is displayed: By.xpath: //div[contains(text(),'Order Guide')]
[TestNG-tests-1] INFO com.cutanddry.qa.base.KeywordBase - Waited for clickability of element: By.xpath: //div[text()='Catalog']
[TestNG-tests-1] INFO com.cutanddry.qa.base.KeywordBase - Clicked on element: By.xpath: //div[text()='Catalog']
[TestNG-tests-1] INFO com.cutanddry.qa.base.KeywordBase - Waited for visibility of element: By.xpath: //div[text()='All Items']
[TestNG-tests-1] INFO com.cutanddry.qa.base.KeywordBase - Element is displayed: By.xpath: //div[text()='All Items']
]]></system-err>
  </testcase>
  <testcase name="VerifyCustomerEdit" classname="com.cutanddry.qa.synthetic_monitoring.dicarlo.VerifyCustomerEditTest" time="40.053">
    <system-err><![CDATA[Oct 30, 2024 11:57:46 AM com.cutanddry.qa.base.TestBase closeAllBrowsers
INFO: All browsers are closed.
Oct 30, 2024 11:57:46 AM org.openqa.selenium.manager.SeleniumManager lambda$runCommand$1
WARNING: The chromedriver version (129.0.6668.58) detected in PATH at /usr/local/bin/chromedriver might not be compatible with the detected chrome version (130.0.6723.91); currently, chromedriver 130.0.6723.91 is recommended for chrome 130.*, so it is advised to delete the driver in PATH and retry
Oct 30, 2024 11:57:47 AM org.openqa.selenium.devtools.CdpVersionFinder findNearestMatch
WARNING: Unable to find an exact match for CDP version 130, returning the closest version; found: 129; Please update to a Selenium version that supports CDP version 130
Oct 30, 2024 11:57:51 AM com.cutanddry.qa.base.TestBase initialization
INFO: WebDriver initialized and navigated to the URL: https://app.cutanddry.com/
[TestNG-tests-1] INFO com.cutanddry.qa.base.KeywordBase - Sent keys to element: By.xpath: //input[@placeholder='Email or mobile'] with data: 415-505-5531
[TestNG-tests-1] INFO com.cutanddry.qa.base.KeywordBase - Sent keys to element: By.xpath: //input[@placeholder='Password'] with data: NovaN@123
[TestNG-tests-1] INFO com.cutanddry.qa.base.KeywordBase - Clicked on element: By.xpath: //button[@type='submit']
[TestNG-tests-1] INFO com.cutanddry.qa.base.KeywordBase - Waited for visibility of element: By.xpath: //div[text()='Place Order']
[TestNG-tests-1] INFO com.cutanddry.qa.base.KeywordBase - Element is displayed: By.xpath: //div[text()='Place Order']
[TestNG-tests-1] INFO com.cutanddry.qa.base.KeywordBase - Navigated to URL: https://internal.cutanddry.com/internaltools/loginas
[TestNG-tests-1] INFO com.cutanddry.qa.base.KeywordBase - Sent keys to element: By.xpath: //div[text()='Select...']/following::input[@type='text'] with data: 238822705
[TestNG-tests-1] INFO com.cutanddry.qa.base.KeywordBase - Element is displayed: By.xpath: //div[contains(@class, 'css-1n7v3ny-option') and contains(text(), '238822705')]
[TestNG-tests-1] INFO com.cutanddry.qa.base.KeywordBase - Clicked on element: By.xpath: //div[contains(@class, 'css-1n7v3ny-option') and contains(text(), '238822705')]
[TestNG-tests-1] INFO com.cutanddry.qa.base.KeywordBase - Got attribute 'href' value from element: By.xpath: //a[contains(text(), 'Login As')] - Value: https://dicarlo.cutanddry.com/loginas/user/238822705?access_token=NzA0Y2JiYjA4NTcyZWE3ZGFiZWVkZDQ5YTg5NDhhMTJiYTAwM2Y3NDk1YmRjZjU3YWJhM2ZjOTYzMGQzODVkZjE3MzAyNzMyODQ6MjA2MDM4MzUy
[TestNG-tests-1] INFO com.cutanddry.qa.base.KeywordBase - Navigated to URL: https://dicarlo.cutanddry.com/loginas/user/238822705?access_token=NzA0Y2JiYjA4NTcyZWE3ZGFiZWVkZDQ5YTg5NDhhMTJiYTAwM2Y3NDk1YmRjZjU3YWJhM2ZjOTYzMGQzODVkZjE3MzAyNzMyODQ6MjA2MDM4MzUy
[TestNG-tests-1] INFO com.cutanddry.qa.base.KeywordBase - Clicked on element: By.xpath: //a[@data-tip='Place Order']
[TestNG-tests-1] INFO com.cutanddry.qa.base.KeywordBase - Waited for visibility of element: By.xpath: //div[contains(text(),'Order Guide')]
[TestNG-tests-1] INFO com.cutanddry.qa.base.KeywordBase - Element is displayed: By.xpath: //div[contains(text(),'Order Guide')]
[TestNG-tests-1] INFO com.cutanddry.qa.base.KeywordBase - Waited for clickability of element: By.xpath: //button[contains(text(), 'Edit')]
[TestNG-tests-1] INFO com.cutanddry.qa.base.KeywordBase - Clicked on element: By.xpath: //button[contains(text(), 'Edit')]
[TestNG-tests-1] INFO com.cutanddry.qa.base.KeywordBase - Waited for visibility of element: By.xpath: //span[contains(text(), 'Edit Order Guide')]
[TestNG-tests-1] INFO com.cutanddry.qa.base.KeywordBase - Element is displayed: By.xpath: //span[contains(text(), 'Edit Order Guide')]
]]></system-err>
  </testcase>
  <testcase name="VerifyCustomerSearch" classname="com.cutanddry.qa.synthetic_monitoring.dicarlo.VerifyCustomerSearchTest" time="42.847">
    <system-err><![CDATA[Oct 30, 2024 11:58:31 AM com.cutanddry.qa.base.TestBase closeAllBrowsers
INFO: All browsers are closed.
Oct 30, 2024 11:58:31 AM org.openqa.selenium.manager.SeleniumManager lambda$runCommand$1
WARNING: The chromedriver version (129.0.6668.58) detected in PATH at /usr/local/bin/chromedriver might not be compatible with the detected chrome version (130.0.6723.91); currently, chromedriver 130.0.6723.91 is recommended for chrome 130.*, so it is advised to delete the driver in PATH and retry
Oct 30, 2024 11:58:32 AM org.openqa.selenium.devtools.CdpVersionFinder findNearestMatch
WARNING: Unable to find an exact match for CDP version 130, returning the closest version; found: 129; Please update to a Selenium version that supports CDP version 130
Oct 30, 2024 11:58:36 AM com.cutanddry.qa.base.TestBase initialization
INFO: WebDriver initialized and navigated to the URL: https://app.cutanddry.com/
[TestNG-tests-1] INFO com.cutanddry.qa.base.KeywordBase - Sent keys to element: By.xpath: //input[@placeholder='Email or mobile'] with data: 415-505-5531
[TestNG-tests-1] INFO com.cutanddry.qa.base.KeywordBase - Sent keys to element: By.xpath: //input[@placeholder='Password'] with data: NovaN@123
[TestNG-tests-1] INFO com.cutanddry.qa.base.KeywordBase - Clicked on element: By.xpath: //button[@type='submit']
[TestNG-tests-1] INFO com.cutanddry.qa.base.KeywordBase - Waited for visibility of element: By.xpath: //div[text()='Place Order']
[TestNG-tests-1] INFO com.cutanddry.qa.base.KeywordBase - Element is displayed: By.xpath: //div[text()='Place Order']
[TestNG-tests-1] INFO com.cutanddry.qa.base.KeywordBase - Navigated to URL: https://internal.cutanddry.com/internaltools/loginas
[TestNG-tests-1] INFO com.cutanddry.qa.base.KeywordBase - Sent keys to element: By.xpath: //div[text()='Select...']/following::input[@type='text'] with data: 238822705
[TestNG-tests-1] INFO com.cutanddry.qa.base.KeywordBase - Element is displayed: By.xpath: //div[contains(@class, 'css-1n7v3ny-option') and contains(text(), '238822705')]
[TestNG-tests-1] INFO com.cutanddry.qa.base.KeywordBase - Clicked on element: By.xpath: //div[contains(@class, 'css-1n7v3ny-option') and contains(text(), '238822705')]
[TestNG-tests-1] INFO com.cutanddry.qa.base.KeywordBase - Got attribute 'href' value from element: By.xpath: //a[contains(text(), 'Login As')] - Value: https://dicarlo.cutanddry.com/loginas/user/238822705?access_token=Y2YzZjQzZTY1MTVjMWJkOWYzZTdjYjEzOGQ1OWNjMmY3YTA5OWYxMTc1ZTRiYjA3MzAzMTViYmViZDFmYTQzYjE3MzAyNzMzMjk6MjA2MDM4MzUy
[TestNG-tests-1] INFO com.cutanddry.qa.base.KeywordBase - Navigated to URL: https://dicarlo.cutanddry.com/loginas/user/238822705?access_token=Y2YzZjQzZTY1MTVjMWJkOWYzZTdjYjEzOGQ1OWNjMmY3YTA5OWYxMTc1ZTRiYjA3MzAzMTViYmViZDFmYTQzYjE3MzAyNzMzMjk6MjA2MDM4MzUy
[TestNG-tests-1] INFO com.cutanddry.qa.base.KeywordBase - Clicked on element: By.xpath: //a[@data-tip='Place Order']
[TestNG-tests-1] INFO com.cutanddry.qa.base.KeywordBase - Waited for visibility of element: By.xpath: //div[contains(text(),'Order Guide')]
[TestNG-tests-1] INFO com.cutanddry.qa.base.KeywordBase - Element is displayed: By.xpath: //div[contains(text(),'Order Guide')]
[TestNG-tests-1] INFO com.cutanddry.qa.base.KeywordBase - Cleared element: By.xpath: //input[@placeholder='Search order guide...']
[TestNG-tests-1] INFO com.cutanddry.qa.base.KeywordBase - Sent keys to element: By.xpath: //input[@placeholder='Search order guide...'] with data: 12282
[TestNG-tests-1] INFO com.cutanddry.qa.base.KeywordBase - Waited for element By.xpath: //tbody[@class='border-0'] to be enabled.
[TestNG-tests-1] INFO com.cutanddry.qa.base.KeywordBase - Got text from element: By.xpath: //tbody[@class='border-0'] - Text: DAIRY
Butter Block Salt 3205
36 x 1lb | Cloverdale
12282
Case
2 CS
(10/28/24)
$134.11($3.73/lb)
]]></system-err>
  </testcase>
  <testcase name="VerifyTheDrafts" classname="com.cutanddry.qa.synthetic_monitoring.dicarlo.VerifyTheDraftsTest" time="13.867">
    <system-err><![CDATA[Oct 30, 2024 11:59:19 AM com.cutanddry.qa.base.TestBase closeAllBrowsers
INFO: All browsers are closed.
Oct 30, 2024 11:59:19 AM org.openqa.selenium.manager.SeleniumManager lambda$runCommand$1
WARNING: The chromedriver version (129.0.6668.58) detected in PATH at /usr/local/bin/chromedriver might not be compatible with the detected chrome version (130.0.6723.91); currently, chromedriver 130.0.6723.91 is recommended for chrome 130.*, so it is advised to delete the driver in PATH and retry
Oct 30, 2024 11:59:19 AM org.openqa.selenium.devtools.CdpVersionFinder findNearestMatch
WARNING: Unable to find an exact match for CDP version 130, returning the closest version; found: 129; Please update to a Selenium version that supports CDP version 130
Oct 30, 2024 11:59:23 AM com.cutanddry.qa.base.TestBase initialization
INFO: WebDriver initialized and navigated to the URL: https://app.cutanddry.com/
[TestNG-tests-1] INFO com.cutanddry.qa.base.KeywordBase - Sent keys to element: By.xpath: //input[@placeholder='Email or mobile'] with data: 415-505-5531
[TestNG-tests-1] INFO com.cutanddry.qa.base.KeywordBase - Sent keys to element: By.xpath: //input[@placeholder='Password'] with data: NovaN@123
[TestNG-tests-1] INFO com.cutanddry.qa.base.KeywordBase - Clicked on element: By.xpath: //button[@type='submit']
[TestNG-tests-1] INFO com.cutanddry.qa.base.KeywordBase - Waited for visibility of element: By.xpath: //div[text()='Place Order']
[TestNG-tests-1] INFO com.cutanddry.qa.base.KeywordBase - Element is displayed: By.xpath: //div[text()='Place Order']
[TestNG-tests-1] INFO com.cutanddry.qa.base.KeywordBase - Navigated to URL: https://internal.cutanddry.com/internaltools/loginas
[TestNG-tests-1] INFO com.cutanddry.qa.base.KeywordBase - Sent keys to element: By.xpath: //div[text()='Select...']/following::input[@type='text'] with data: 238822705
[TestNG-tests-1] INFO com.cutanddry.qa.base.KeywordBase - Element is displayed: By.xpath: //div[contains(@class, 'css-1n7v3ny-option') and contains(text(), '238822705')]
[TestNG-tests-1] INFO com.cutanddry.qa.base.KeywordBase - Clicked on element: By.xpath: //div[contains(@class, 'css-1n7v3ny-option') and contains(text(), '238822705')]
[TestNG-tests-1] INFO com.cutanddry.qa.base.KeywordBase - Got attribute 'href' value from element: By.xpath: //a[contains(text(), 'Login As')] - Value: https://dicarlo.cutanddry.com/loginas/user/238822705?access_token=OWQ3YjMyYTc5N2QzY2FjNTU0M2JiZGNjYWU0NzM2YTIwYjc3Yzk1MGIxYjViYzc2OGY4YjFlMzExZDhiNTM2NDE3MzAyNzMzNzQ6MjA2MDM4MzUy
[TestNG-tests-1] INFO com.cutanddry.qa.base.KeywordBase - Navigated to URL: https://dicarlo.cutanddry.com/loginas/user/238822705?access_token=OWQ3YjMyYTc5N2QzY2FjNTU0M2JiZGNjYWU0NzM2YTIwYjc3Yzk1MGIxYjViYzc2OGY4YjFlMzExZDhiNTM2NDE3MzAyNzMzNzQ6MjA2MDM4MzUy
[TestNG-tests-1] INFO com.cutanddry.qa.base.KeywordBase - Clicked on element: By.xpath: //a[@data-tip='View Drafts']
[TestNG-tests-1] INFO com.cutanddry.qa.base.KeywordBase - Waited for visibility of element: By.xpath: //li[contains(text(),'Drafts')]
[TestNG-tests-1] INFO com.cutanddry.qa.base.KeywordBase - Element is displayed: By.xpath: //li[contains(text(),'Drafts')]
]]></system-err>
  </testcase>
  <testcase name="VerifyTheChat" classname="com.cutanddry.qa.synthetic_monitoring.dicarlo.VerifyTheChatTest" time="16.969">
    <system-err><![CDATA[Oct 30, 2024 11:59:37 AM com.cutanddry.qa.base.TestBase closeAllBrowsers
INFO: All browsers are closed.
Oct 30, 2024 11:59:37 AM org.openqa.selenium.manager.SeleniumManager lambda$runCommand$1
WARNING: The chromedriver version (129.0.6668.58) detected in PATH at /usr/local/bin/chromedriver might not be compatible with the detected chrome version (130.0.6723.91); currently, chromedriver 130.0.6723.91 is recommended for chrome 130.*, so it is advised to delete the driver in PATH and retry
Oct 30, 2024 11:59:38 AM org.openqa.selenium.devtools.CdpVersionFinder findNearestMatch
WARNING: Unable to find an exact match for CDP version 130, returning the closest version; found: 129; Please update to a Selenium version that supports CDP version 130
Oct 30, 2024 11:59:41 AM com.cutanddry.qa.base.TestBase initialization
INFO: WebDriver initialized and navigated to the URL: https://app.cutanddry.com/
[TestNG-tests-1] INFO com.cutanddry.qa.base.KeywordBase - Sent keys to element: By.xpath: //input[@placeholder='Email or mobile'] with data: 415-505-5531
[TestNG-tests-1] INFO com.cutanddry.qa.base.KeywordBase - Sent keys to element: By.xpath: //input[@placeholder='Password'] with data: NovaN@123
[TestNG-tests-1] INFO com.cutanddry.qa.base.KeywordBase - Clicked on element: By.xpath: //button[@type='submit']
[TestNG-tests-1] INFO com.cutanddry.qa.base.KeywordBase - Waited for visibility of element: By.xpath: //div[text()='Place Order']
[TestNG-tests-1] INFO com.cutanddry.qa.base.KeywordBase - Element is displayed: By.xpath: //div[text()='Place Order']
[TestNG-tests-1] INFO com.cutanddry.qa.base.KeywordBase - Navigated to URL: https://internal.cutanddry.com/internaltools/loginas
[TestNG-tests-1] INFO com.cutanddry.qa.base.KeywordBase - Sent keys to element: By.xpath: //div[text()='Select...']/following::input[@type='text'] with data: 238822705
[TestNG-tests-1] INFO com.cutanddry.qa.base.KeywordBase - Element is displayed: By.xpath: //div[contains(@class, 'css-1n7v3ny-option') and contains(text(), '238822705')]
[TestNG-tests-1] INFO com.cutanddry.qa.base.KeywordBase - Clicked on element: By.xpath: //div[contains(@class, 'css-1n7v3ny-option') and contains(text(), '238822705')]
[TestNG-tests-1] INFO com.cutanddry.qa.base.KeywordBase - Got attribute 'href' value from element: By.xpath: //a[contains(text(), 'Login As')] - Value: https://dicarlo.cutanddry.com/loginas/user/238822705?access_token=ZWJiMjMxZWM4NzU1NWVlZDUyZDFkNmI4MzQ4NGFjZTk5NmRjYTBmYjFhMGUzMTMwNGNmZGZkYmY2NjgzZGI2NTE3MzAyNzMzOTM6MjA2MDM4MzUy
[TestNG-tests-1] INFO com.cutanddry.qa.base.KeywordBase - Navigated to URL: https://dicarlo.cutanddry.com/loginas/user/238822705?access_token=ZWJiMjMxZWM4NzU1NWVlZDUyZDFkNmI4MzQ4NGFjZTk5NmRjYTBmYjFhMGUzMTMwNGNmZGZkYmY2NjgzZGI2NTE3MzAyNzMzOTM6MjA2MDM4MzUy
[TestNG-tests-1] INFO com.cutanddry.qa.base.KeywordBase - Clicked on element: By.xpath: //a[contains(translate(@data-tip, 'CHAT', 'chat'), 'chat')]
[TestNG-tests-1] INFO com.cutanddry.qa.base.KeywordBase - Waited for visibility of element: By.xpath: //input[@placeholder='Message...' and @type='text']
[TestNG-tests-1] INFO com.cutanddry.qa.base.KeywordBase - Element is displayed: By.xpath: //input[@placeholder='Message...' and @type='text']
]]></system-err>
  </testcase>
  <testcase name="VerifyProfileSettings" classname="com.cutanddry.qa.synthetic_monitoring.dicarlo.VerifySettingsProfileTest" time="16.965">
    <system-err><![CDATA[Oct 30, 2024 11:59:59 AM com.cutanddry.qa.base.TestBase closeAllBrowsers
INFO: All browsers are closed.
Oct 30, 2024 11:59:59 AM org.openqa.selenium.manager.SeleniumManager lambda$runCommand$1
WARNING: The chromedriver version (129.0.6668.58) detected in PATH at /usr/local/bin/chromedriver might not be compatible with the detected chrome version (130.0.6723.91); currently, chromedriver 130.0.6723.91 is recommended for chrome 130.*, so it is advised to delete the driver in PATH and retry
Oct 30, 2024 11:59:59 AM org.openqa.selenium.devtools.CdpVersionFinder findNearestMatch
WARNING: Unable to find an exact match for CDP version 130, returning the closest version; found: 129; Please update to a Selenium version that supports CDP version 130
Oct 30, 2024 12:00:03 PM com.cutanddry.qa.base.TestBase initialization
INFO: WebDriver initialized and navigated to the URL: https://app.cutanddry.com/
[TestNG-tests-1] INFO com.cutanddry.qa.base.KeywordBase - Sent keys to element: By.xpath: //input[@placeholder='Email or mobile'] with data: 415-505-5531
[TestNG-tests-1] INFO com.cutanddry.qa.base.KeywordBase - Sent keys to element: By.xpath: //input[@placeholder='Password'] with data: NovaN@123
[TestNG-tests-1] INFO com.cutanddry.qa.base.KeywordBase - Clicked on element: By.xpath: //button[@type='submit']
[TestNG-tests-1] INFO com.cutanddry.qa.base.KeywordBase - Waited for visibility of element: By.xpath: //div[text()='Place Order']
[TestNG-tests-1] INFO com.cutanddry.qa.base.KeywordBase - Element is displayed: By.xpath: //div[text()='Place Order']
[TestNG-tests-1] INFO com.cutanddry.qa.base.KeywordBase - Navigated to URL: https://internal.cutanddry.com/internaltools/loginas
[TestNG-tests-1] INFO com.cutanddry.qa.base.KeywordBase - Sent keys to element: By.xpath: //div[text()='Select...']/following::input[@type='text'] with data: 238822705
[TestNG-tests-1] INFO com.cutanddry.qa.base.KeywordBase - Element is displayed: By.xpath: //div[contains(@class, 'css-1n7v3ny-option') and contains(text(), '238822705')]
[TestNG-tests-1] INFO com.cutanddry.qa.base.KeywordBase - Clicked on element: By.xpath: //div[contains(@class, 'css-1n7v3ny-option') and contains(text(), '238822705')]
[TestNG-tests-1] INFO com.cutanddry.qa.base.KeywordBase - Got attribute 'href' value from element: By.xpath: //a[contains(text(), 'Login As')] - Value: https://dicarlo.cutanddry.com/loginas/user/238822705?access_token=ZTJmMjRjNmZlNzg1N2M3OWFhMzIyYWJlN2YwNGU5NTNiMWY5NzdlZDY0YTFkMTM5NWU5ZmQxNDc2MTQ1YmQ4MzE3MzAyNzM0MTU6MjA2MDM4MzUy
[TestNG-tests-1] INFO com.cutanddry.qa.base.KeywordBase - Navigated to URL: https://dicarlo.cutanddry.com/loginas/user/238822705?access_token=ZTJmMjRjNmZlNzg1N2M3OWFhMzIyYWJlN2YwNGU5NTNiMWY5NzdlZDY0YTFkMTM5NWU5ZmQxNDc2MTQ1YmQ4MzE3MzAyNzM0MTU6MjA2MDM4MzUy
[TestNG-tests-1] INFO com.cutanddry.qa.base.KeywordBase - Scrolled to element: By.xpath: //a[@role='button' and contains(text(), 'Settings')]
[TestNG-tests-1] INFO com.cutanddry.qa.base.KeywordBase - Clicked using JavaScript on element: By.xpath: //a[@role='button' and contains(text(), 'Settings')]
[TestNG-tests-1] INFO com.cutanddry.qa.base.KeywordBase - Hovered over element: By.xpath: //div[@arrowprops]//a[text()='Profile']
[TestNG-tests-1] INFO com.cutanddry.qa.base.KeywordBase - Clicked on element: By.xpath: //div[@arrowprops]//a[text()='Profile']
[TestNG-tests-1] INFO com.cutanddry.qa.base.KeywordBase - Waited for visibility of element: By.xpath: //h2[contains(text(),'Profile')]
[TestNG-tests-1] INFO com.cutanddry.qa.base.KeywordBase - Element is displayed: By.xpath: //h2[contains(text(),'Profile')]
]]></system-err>
  </testcase>
  <testcase name="VerifySettingsRestaurant" classname="com.cutanddry.qa.synthetic_monitoring.dicarlo.VerifySettingsRestaurantTest" time="17.013">
    <system-err><![CDATA[Oct 30, 2024 12:00:20 PM com.cutanddry.qa.base.TestBase closeAllBrowsers
INFO: All browsers are closed.
Oct 30, 2024 12:00:20 PM org.openqa.selenium.manager.SeleniumManager lambda$runCommand$1
WARNING: The chromedriver version (129.0.6668.58) detected in PATH at /usr/local/bin/chromedriver might not be compatible with the detected chrome version (130.0.6723.91); currently, chromedriver 130.0.6723.91 is recommended for chrome 130.*, so it is advised to delete the driver in PATH and retry
Oct 30, 2024 12:00:21 PM org.openqa.selenium.devtools.CdpVersionFinder findNearestMatch
WARNING: Unable to find an exact match for CDP version 130, returning the closest version; found: 129; Please update to a Selenium version that supports CDP version 130
Oct 30, 2024 12:00:24 PM com.cutanddry.qa.base.TestBase initialization
INFO: WebDriver initialized and navigated to the URL: https://app.cutanddry.com/
[TestNG-tests-1] INFO com.cutanddry.qa.base.KeywordBase - Sent keys to element: By.xpath: //input[@placeholder='Email or mobile'] with data: 415-505-5531
[TestNG-tests-1] INFO com.cutanddry.qa.base.KeywordBase - Sent keys to element: By.xpath: //input[@placeholder='Password'] with data: NovaN@123
[TestNG-tests-1] INFO com.cutanddry.qa.base.KeywordBase - Clicked on element: By.xpath: //button[@type='submit']
[TestNG-tests-1] INFO com.cutanddry.qa.base.KeywordBase - Waited for visibility of element: By.xpath: //div[text()='Place Order']
[TestNG-tests-1] INFO com.cutanddry.qa.base.KeywordBase - Element is displayed: By.xpath: //div[text()='Place Order']
[TestNG-tests-1] INFO com.cutanddry.qa.base.KeywordBase - Navigated to URL: https://internal.cutanddry.com/internaltools/loginas
[TestNG-tests-1] INFO com.cutanddry.qa.base.KeywordBase - Sent keys to element: By.xpath: //div[text()='Select...']/following::input[@type='text'] with data: 238822705
[TestNG-tests-1] INFO com.cutanddry.qa.base.KeywordBase - Element is displayed: By.xpath: //div[contains(@class, 'css-1n7v3ny-option') and contains(text(), '238822705')]
[TestNG-tests-1] INFO com.cutanddry.qa.base.KeywordBase - Clicked on element: By.xpath: //div[contains(@class, 'css-1n7v3ny-option') and contains(text(), '238822705')]
[TestNG-tests-1] INFO com.cutanddry.qa.base.KeywordBase - Got attribute 'href' value from element: By.xpath: //a[contains(text(), 'Login As')] - Value: https://dicarlo.cutanddry.com/loginas/user/238822705?access_token=MmUyNjYwOTc2ZTZkYmRhNjllY2M0MjI4YWVmOWJmY2M2NTk2NDUzYTNhMzI2MWY0YmJmYTJjNzg4N2QzZTEzMzE3MzAyNzM0MzU6MjA2MDM4MzUy
[TestNG-tests-1] INFO com.cutanddry.qa.base.KeywordBase - Navigated to URL: https://dicarlo.cutanddry.com/loginas/user/238822705?access_token=MmUyNjYwOTc2ZTZkYmRhNjllY2M0MjI4YWVmOWJmY2M2NTk2NDUzYTNhMzI2MWY0YmJmYTJjNzg4N2QzZTEzMzE3MzAyNzM0MzU6MjA2MDM4MzUy
[TestNG-tests-1] INFO com.cutanddry.qa.base.KeywordBase - Scrolled to element: By.xpath: //a[@role='button' and contains(text(), 'Settings')]
[TestNG-tests-1] INFO com.cutanddry.qa.base.KeywordBase - Clicked using JavaScript on element: By.xpath: //a[@role='button' and contains(text(), 'Settings')]
[TestNG-tests-1] INFO com.cutanddry.qa.base.KeywordBase - Hovered over element: By.xpath: //div[@arrowprops]//a[text()='Restaurant']
[TestNG-tests-1] INFO com.cutanddry.qa.base.KeywordBase - Clicked on element: By.xpath: //div[@arrowprops]//a[text()='Restaurant']
[TestNG-tests-1] INFO com.cutanddry.qa.base.KeywordBase - Waited for visibility of element: By.xpath: //h2[contains(text(),'Company Settings')]
[TestNG-tests-1] INFO com.cutanddry.qa.base.KeywordBase - Element is displayed: By.xpath: //h2[contains(text(),'Company Settings')]
]]></system-err>
  </testcase>
  <testcase name="VerifySettingsLocation" classname="com.cutanddry.qa.synthetic_monitoring.dicarlo.VerifySettingsLocationTest" time="16.681">
    <system-err><![CDATA[Oct 30, 2024 12:00:42 PM com.cutanddry.qa.base.TestBase closeAllBrowsers
INFO: All browsers are closed.
Oct 30, 2024 12:00:42 PM org.openqa.selenium.manager.SeleniumManager lambda$runCommand$1
WARNING: The chromedriver version (129.0.6668.58) detected in PATH at /usr/local/bin/chromedriver might not be compatible with the detected chrome version (130.0.6723.91); currently, chromedriver 130.0.6723.91 is recommended for chrome 130.*, so it is advised to delete the driver in PATH and retry
Oct 30, 2024 12:00:42 PM org.openqa.selenium.devtools.CdpVersionFinder findNearestMatch
WARNING: Unable to find an exact match for CDP version 130, returning the closest version; found: 129; Please update to a Selenium version that supports CDP version 130
Oct 30, 2024 12:00:46 PM com.cutanddry.qa.base.TestBase initialization
INFO: WebDriver initialized and navigated to the URL: https://app.cutanddry.com/
[TestNG-tests-1] INFO com.cutanddry.qa.base.KeywordBase - Sent keys to element: By.xpath: //input[@placeholder='Email or mobile'] with data: 415-505-5531
[TestNG-tests-1] INFO com.cutanddry.qa.base.KeywordBase - Sent keys to element: By.xpath: //input[@placeholder='Password'] with data: NovaN@123
[TestNG-tests-1] INFO com.cutanddry.qa.base.KeywordBase - Clicked on element: By.xpath: //button[@type='submit']
[TestNG-tests-1] INFO com.cutanddry.qa.base.KeywordBase - Waited for visibility of element: By.xpath: //div[text()='Place Order']
[TestNG-tests-1] INFO com.cutanddry.qa.base.KeywordBase - Element is displayed: By.xpath: //div[text()='Place Order']
[TestNG-tests-1] INFO com.cutanddry.qa.base.KeywordBase - Navigated to URL: https://internal.cutanddry.com/internaltools/loginas
[TestNG-tests-1] INFO com.cutanddry.qa.base.KeywordBase - Sent keys to element: By.xpath: //div[text()='Select...']/following::input[@type='text'] with data: 238822705
[TestNG-tests-1] INFO com.cutanddry.qa.base.KeywordBase - Element is displayed: By.xpath: //div[contains(@class, 'css-1n7v3ny-option') and contains(text(), '238822705')]
[TestNG-tests-1] INFO com.cutanddry.qa.base.KeywordBase - Clicked on element: By.xpath: //div[contains(@class, 'css-1n7v3ny-option') and contains(text(), '238822705')]
[TestNG-tests-1] INFO com.cutanddry.qa.base.KeywordBase - Got attribute 'href' value from element: By.xpath: //a[contains(text(), 'Login As')] - Value: https://dicarlo.cutanddry.com/loginas/user/238822705?access_token=OTJjMzcxMDQ2MTE2ODBiNzg3YTFmYzUwZTcwNjg3OTNkNmViZWUwYWViOWQ1ODIxMjkxNzNlZjM1YjRhMDU0YTE3MzAyNzM0NTc6MjA2MDM4MzUy
[TestNG-tests-1] INFO com.cutanddry.qa.base.KeywordBase - Navigated to URL: https://dicarlo.cutanddry.com/loginas/user/238822705?access_token=OTJjMzcxMDQ2MTE2ODBiNzg3YTFmYzUwZTcwNjg3OTNkNmViZWUwYWViOWQ1ODIxMjkxNzNlZjM1YjRhMDU0YTE3MzAyNzM0NTc6MjA2MDM4MzUy
[TestNG-tests-1] INFO com.cutanddry.qa.base.KeywordBase - Scrolled to element: By.xpath: //a[@role='button' and contains(text(), 'Settings')]
[TestNG-tests-1] INFO com.cutanddry.qa.base.KeywordBase - Clicked using JavaScript on element: By.xpath: //a[@role='button' and contains(text(), 'Settings')]
[TestNG-tests-1] INFO com.cutanddry.qa.base.KeywordBase - Hovered over element: By.xpath: //div[@arrowprops]//a[text()='Locations']
[TestNG-tests-1] INFO com.cutanddry.qa.base.KeywordBase - Clicked on element: By.xpath: //div[@arrowprops]//a[text()='Locations']
[TestNG-tests-1] INFO com.cutanddry.qa.base.KeywordBase - Waited for visibility of element: By.xpath: //h2[contains(text(),'Location')]
[TestNG-tests-1] INFO com.cutanddry.qa.base.KeywordBase - Element is displayed: By.xpath: //h2[contains(text(),'Location')]
]]></system-err>
  </testcase>
  <testcase name="VerifyTheHistory" classname="com.cutanddry.qa.synthetic_monitoring.dicarlo.VerifyTheHistoryTest" time="15.821">
    <system-err><![CDATA[Oct 30, 2024 12:01:03 PM com.cutanddry.qa.base.TestBase closeAllBrowsers
INFO: All browsers are closed.
Oct 30, 2024 12:01:03 PM org.openqa.selenium.manager.SeleniumManager lambda$runCommand$1
WARNING: The chromedriver version (129.0.6668.58) detected in PATH at /usr/local/bin/chromedriver might not be compatible with the detected chrome version (130.0.6723.91); currently, chromedriver 130.0.6723.91 is recommended for chrome 130.*, so it is advised to delete the driver in PATH and retry
Oct 30, 2024 12:01:04 PM org.openqa.selenium.devtools.CdpVersionFinder findNearestMatch
WARNING: Unable to find an exact match for CDP version 130, returning the closest version; found: 129; Please update to a Selenium version that supports CDP version 130
Oct 30, 2024 12:01:08 PM com.cutanddry.qa.base.TestBase initialization
INFO: WebDriver initialized and navigated to the URL: https://app.cutanddry.com/
[TestNG-tests-1] INFO com.cutanddry.qa.base.KeywordBase - Sent keys to element: By.xpath: //input[@placeholder='Email or mobile'] with data: 415-505-5531
[TestNG-tests-1] INFO com.cutanddry.qa.base.KeywordBase - Sent keys to element: By.xpath: //input[@placeholder='Password'] with data: NovaN@123
[TestNG-tests-1] INFO com.cutanddry.qa.base.KeywordBase - Clicked on element: By.xpath: //button[@type='submit']
[TestNG-tests-1] INFO com.cutanddry.qa.base.KeywordBase - Waited for visibility of element: By.xpath: //div[text()='Place Order']
[TestNG-tests-1] INFO com.cutanddry.qa.base.KeywordBase - Element is displayed: By.xpath: //div[text()='Place Order']
[TestNG-tests-1] INFO com.cutanddry.qa.base.KeywordBase - Navigated to URL: https://internal.cutanddry.com/internaltools/loginas
[TestNG-tests-1] INFO com.cutanddry.qa.base.KeywordBase - Sent keys to element: By.xpath: //div[text()='Select...']/following::input[@type='text'] with data: 238822705
[TestNG-tests-1] INFO com.cutanddry.qa.base.KeywordBase - Element is displayed: By.xpath: //div[contains(@class, 'css-1n7v3ny-option') and contains(text(), '238822705')]
[TestNG-tests-1] INFO com.cutanddry.qa.base.KeywordBase - Clicked on element: By.xpath: //div[contains(@class, 'css-1n7v3ny-option') and contains(text(), '238822705')]
[TestNG-tests-1] INFO com.cutanddry.qa.base.KeywordBase - Got attribute 'href' value from element: By.xpath: //a[contains(text(), 'Login As')] - Value: https://dicarlo.cutanddry.com/loginas/user/238822705?access_token=NmM1NzYyNWU3N2Q2YzYwYzlhNDk0MTE1NDhkNmQ0ZmNhNzMxZTU4NDE5MTZiZTUyZGEzMjE0MWMxMjExOWM5MzE3MzAyNzM0ODA6MjA2MDM4MzUy
[TestNG-tests-1] INFO com.cutanddry.qa.base.KeywordBase - Navigated to URL: https://dicarlo.cutanddry.com/loginas/user/238822705?access_token=NmM1NzYyNWU3N2Q2YzYwYzlhNDk0MTE1NDhkNmQ0ZmNhNzMxZTU4NDE5MTZiZTUyZGEzMjE0MWMxMjExOWM5MzE3MzAyNzM0ODA6MjA2MDM4MzUy
[TestNG-tests-1] INFO com.cutanddry.qa.base.KeywordBase - Clicked on element: By.xpath: //a[@data-tip='Order History']
[TestNG-tests-1] INFO com.cutanddry.qa.base.KeywordBase - Waited for visibility of element: By.xpath: //h2[contains(text(),'Order History')]
[TestNG-tests-1] INFO com.cutanddry.qa.base.KeywordBase - Element is displayed: By.xpath: //h2[contains(text(),'Order History')]
]]></system-err>
  </testcase>
  <testcase name="VerifyTheUsers" classname="com.cutanddry.qa.synthetic_monitoring.dicarlo.VerifyTheUsersTest" time="14.691">
    <system-err><![CDATA[Oct 30, 2024 12:01:24 PM com.cutanddry.qa.base.TestBase closeAllBrowsers
INFO: All browsers are closed.
Oct 30, 2024 12:01:24 PM org.openqa.selenium.manager.SeleniumManager lambda$runCommand$1
WARNING: The chromedriver version (129.0.6668.58) detected in PATH at /usr/local/bin/chromedriver might not be compatible with the detected chrome version (130.0.6723.91); currently, chromedriver 130.0.6723.91 is recommended for chrome 130.*, so it is advised to delete the driver in PATH and retry
Oct 30, 2024 12:01:25 PM org.openqa.selenium.devtools.CdpVersionFinder findNearestMatch
WARNING: Unable to find an exact match for CDP version 130, returning the closest version; found: 129; Please update to a Selenium version that supports CDP version 130
Oct 30, 2024 12:01:29 PM com.cutanddry.qa.base.TestBase initialization
INFO: WebDriver initialized and navigated to the URL: https://app.cutanddry.com/
[TestNG-tests-1] INFO com.cutanddry.qa.base.KeywordBase - Sent keys to element: By.xpath: //input[@placeholder='Email or mobile'] with data: 415-505-5531
[TestNG-tests-1] INFO com.cutanddry.qa.base.KeywordBase - Sent keys to element: By.xpath: //input[@placeholder='Password'] with data: NovaN@123
[TestNG-tests-1] INFO com.cutanddry.qa.base.KeywordBase - Clicked on element: By.xpath: //button[@type='submit']
[TestNG-tests-1] INFO com.cutanddry.qa.base.KeywordBase - Waited for visibility of element: By.xpath: //div[text()='Place Order']
[TestNG-tests-1] INFO com.cutanddry.qa.base.KeywordBase - Element is displayed: By.xpath: //div[text()='Place Order']
[TestNG-tests-1] INFO com.cutanddry.qa.base.KeywordBase - Navigated to URL: https://internal.cutanddry.com/internaltools/loginas
[TestNG-tests-1] INFO com.cutanddry.qa.base.KeywordBase - Sent keys to element: By.xpath: //div[text()='Select...']/following::input[@type='text'] with data: 238822705
[TestNG-tests-1] INFO com.cutanddry.qa.base.KeywordBase - Element is displayed: By.xpath: //div[contains(@class, 'css-1n7v3ny-option') and contains(text(), '238822705')]
[TestNG-tests-1] INFO com.cutanddry.qa.base.KeywordBase - Clicked on element: By.xpath: //div[contains(@class, 'css-1n7v3ny-option') and contains(text(), '238822705')]
[TestNG-tests-1] INFO com.cutanddry.qa.base.KeywordBase - Got attribute 'href' value from element: By.xpath: //a[contains(text(), 'Login As')] - Value: https://dicarlo.cutanddry.com/loginas/user/238822705?access_token=OGI0NDFhOTZjOTdhOTdkZjBkOWYxMTMyZGVmNGEzZjZmMjBiZDk3ZjM3OTIzODBlYmI3NWI3MTU0ODI5ZWUwMTE3MzAyNzM1MDA6MjA2MDM4MzUy
[TestNG-tests-1] INFO com.cutanddry.qa.base.KeywordBase - Navigated to URL: https://dicarlo.cutanddry.com/loginas/user/238822705?access_token=OGI0NDFhOTZjOTdhOTdkZjBkOWYxMTMyZGVmNGEzZjZmMjBiZDk3ZjM3OTIzODBlYmI3NWI3MTU0ODI5ZWUwMTE3MzAyNzM1MDA6MjA2MDM4MzUy
[TestNG-tests-1] INFO com.cutanddry.qa.base.KeywordBase - Waited for visibility of element: By.xpath: //a[@data-tip='Team']
[TestNG-tests-1] INFO com.cutanddry.qa.base.KeywordBase - Clicked on element: By.xpath: //a[@data-tip='Team']
[TestNG-tests-1] INFO com.cutanddry.qa.base.KeywordBase - Waited for visibility of element: By.xpath: //h2[contains(text(),'Team')]
[TestNG-tests-1] INFO com.cutanddry.qa.base.KeywordBase - Element is displayed: By.xpath: //h2[contains(text(),'Team')]
]]></system-err>
  </testcase>
</testsuite>