<?xml version="1.0" encoding="UTF-8"?>
<testng-results ignored="0" total="17" passed="16" failed="1" skipped="0">
  <reporter-output>
  </reporter-output>
  <suite started-at="2024-10-30T12:29:47 IST" name="bvt suit" finished-at="2024-10-30T12:40:24 IST" duration-ms="637773">
    <groups>
    </groups>
    <test started-at="2024-10-30T12:29:47 IST" name="synthetic monitoring tests" finished-at="2024-10-30T12:40:24 IST" duration-ms="637773">
      <class name="com.cutanddry.qa.synthetic_monitoring.birite.VerifyTheRewardsTest">
        <test-method is-config="true" signature="setUp()[pri:0, instance:com.cutanddry.qa.synthetic_monitoring.birite.VerifyTheRewardsTest@38c6f217]" started-at="2024-10-30T12:40:07 IST" name="setUp" finished-at="2024-10-30T12:40:11 IST" duration-ms="4772" status="PASS">
          <reporter-output>
          </reporter-output>
        </test-method> <!-- setUp -->
        <test-method signature="VerifyTheRewards()[pri:0, instance:com.cutanddry.qa.synthetic_monitoring.birite.VerifyTheRewardsTest@38c6f217]" started-at="2024-10-30T12:40:11 IST" name="VerifyTheRewards" finished-at="2024-10-30T12:40:24 IST" duration-ms="12855" status="PASS">
          <reporter-output>
          </reporter-output>
        </test-method> <!-- VerifyTheRewards -->
        <test-method is-config="true" signature="tearDown(org.testng.ITestResult)[pri:0, instance:com.cutanddry.qa.synthetic_monitoring.birite.VerifyTheRewardsTest@38c6f217]" started-at="2024-10-30T12:40:24 IST" name="tearDown" finished-at="2024-10-30T12:40:24 IST" duration-ms="120" status="PASS">
          <params>
            <param index="0">
              <value>
                <![CDATA[[TestResult name=VerifyTheRewards status=SUCCESS method=VerifyTheRewardsTest.VerifyTheRewards()[pri:0, instance:com.cutanddry.qa.synthetic_monitoring.birite.VerifyTheRewardsTest@38c6f217] output={null}]]]>
              </value>
            </param>
          </params>
          <reporter-output>
          </reporter-output>
        </test-method> <!-- tearDown -->
      </class> <!-- com.cutanddry.qa.synthetic_monitoring.birite.VerifyTheRewardsTest -->
      <class name="com.cutanddry.qa.synthetic_monitoring.birite.VerifyTheReportsTest">
        <test-method is-config="true" signature="setUp()[pri:0, instance:com.cutanddry.qa.synthetic_monitoring.birite.VerifyTheReportsTest@72d1ad2e]" started-at="2024-10-30T12:39:04 IST" name="setUp" finished-at="2024-10-30T12:39:09 IST" duration-ms="4743" status="PASS">
          <reporter-output>
          </reporter-output>
        </test-method> <!-- setUp -->
        <test-method signature="VerifyTheReports()[pri:0, instance:com.cutanddry.qa.synthetic_monitoring.birite.VerifyTheReportsTest@72d1ad2e]" started-at="2024-10-30T12:39:09 IST" name="VerifyTheReports" finished-at="2024-10-30T12:39:23 IST" duration-ms="14064" status="PASS">
          <reporter-output>
          </reporter-output>
        </test-method> <!-- VerifyTheReports -->
        <test-method is-config="true" signature="tearDown(org.testng.ITestResult)[pri:0, instance:com.cutanddry.qa.synthetic_monitoring.birite.VerifyTheReportsTest@72d1ad2e]" started-at="2024-10-30T12:39:23 IST" name="tearDown" finished-at="2024-10-30T12:39:23 IST" duration-ms="120" status="PASS">
          <params>
            <param index="0">
              <value>
                <![CDATA[[TestResult name=VerifyTheReports status=SUCCESS method=VerifyTheReportsTest.VerifyTheReports()[pri:0, instance:com.cutanddry.qa.synthetic_monitoring.birite.VerifyTheReportsTest@72d1ad2e] output={null}]]]>
              </value>
            </param>
          </params>
          <reporter-output>
          </reporter-output>
        </test-method> <!-- tearDown -->
      </class> <!-- com.cutanddry.qa.synthetic_monitoring.birite.VerifyTheReportsTest -->
      <class name="com.cutanddry.qa.synthetic_monitoring.birite.VerifyTheSupportTest">
        <test-method is-config="true" signature="setUp()[pri:0, instance:com.cutanddry.qa.synthetic_monitoring.birite.VerifyTheSupportTest@399f45b1]" started-at="2024-10-30T12:39:42 IST" name="setUp" finished-at="2024-10-30T12:39:46 IST" duration-ms="4294" status="PASS">
          <reporter-output>
          </reporter-output>
        </test-method> <!-- setUp -->
        <test-method signature="VerifyTheSupport()[pri:0, instance:com.cutanddry.qa.synthetic_monitoring.birite.VerifyTheSupportTest@399f45b1]" started-at="2024-10-30T12:39:46 IST" name="VerifyTheSupport" finished-at="2024-10-30T12:40:07 IST" duration-ms="20344" status="PASS">
          <reporter-output>
          </reporter-output>
        </test-method> <!-- VerifyTheSupport -->
        <test-method is-config="true" signature="tearDown(org.testng.ITestResult)[pri:0, instance:com.cutanddry.qa.synthetic_monitoring.birite.VerifyTheSupportTest@399f45b1]" started-at="2024-10-30T12:40:07 IST" name="tearDown" finished-at="2024-10-30T12:40:07 IST" duration-ms="123" status="PASS">
          <params>
            <param index="0">
              <value>
                <![CDATA[[TestResult name=VerifyTheSupport status=SUCCESS method=VerifyTheSupportTest.VerifyTheSupport()[pri:0, instance:com.cutanddry.qa.synthetic_monitoring.birite.VerifyTheSupportTest@399f45b1] output={null}]]]>
              </value>
            </param>
          </params>
          <reporter-output>
          </reporter-output>
        </test-method> <!-- tearDown -->
      </class> <!-- com.cutanddry.qa.synthetic_monitoring.birite.VerifyTheSupportTest -->
      <class name="com.cutanddry.qa.synthetic_monitoring.birite.VerifyCustomerCatalogTest">
        <test-method is-config="true" signature="setUp()[pri:0, instance:com.cutanddry.qa.synthetic_monitoring.birite.VerifyCustomerCatalogTest@52bf72b5]" started-at="2024-10-30T12:30:13 IST" name="setUp" finished-at="2024-10-30T12:30:17 IST" duration-ms="4398" status="PASS">
          <reporter-output>
          </reporter-output>
        </test-method> <!-- setUp -->
        <test-method signature="VerifyCustomerCatalog()[pri:0, instance:com.cutanddry.qa.synthetic_monitoring.birite.VerifyCustomerCatalogTest@52bf72b5]" started-at="2024-10-30T12:30:17 IST" name="VerifyCustomerCatalog" finished-at="2024-10-30T12:30:40 IST" duration-ms="23087" status="PASS">
          <reporter-output>
          </reporter-output>
        </test-method> <!-- VerifyCustomerCatalog -->
        <test-method is-config="true" signature="tearDown(org.testng.ITestResult)[pri:0, instance:com.cutanddry.qa.synthetic_monitoring.birite.VerifyCustomerCatalogTest@52bf72b5]" started-at="2024-10-30T12:30:40 IST" name="tearDown" finished-at="2024-10-30T12:30:41 IST" duration-ms="127" status="PASS">
          <params>
            <param index="0">
              <value>
                <![CDATA[[TestResult name=VerifyCustomerCatalog status=SUCCESS method=VerifyCustomerCatalogTest.VerifyCustomerCatalog()[pri:0, instance:com.cutanddry.qa.synthetic_monitoring.birite.VerifyCustomerCatalogTest@52bf72b5] output={null}]]]>
              </value>
            </param>
          </params>
          <reporter-output>
          </reporter-output>
        </test-method> <!-- tearDown -->
      </class> <!-- com.cutanddry.qa.synthetic_monitoring.birite.VerifyCustomerCatalogTest -->
      <class name="com.cutanddry.qa.synthetic_monitoring.birite.VerifyCustomerOrderGuideTest">
        <test-method is-config="true" signature="setUp()[pri:0, instance:com.cutanddry.qa.synthetic_monitoring.birite.VerifyCustomerOrderGuideTest@6e171cd7]" started-at="2024-10-30T12:29:47 IST" name="setUp" finished-at="2024-10-30T12:29:51 IST" duration-ms="4558" status="PASS">
          <reporter-output>
          </reporter-output>
        </test-method> <!-- setUp -->
        <test-method signature="VerifyCustomerOrderGuide()[pri:0, instance:com.cutanddry.qa.synthetic_monitoring.birite.VerifyCustomerOrderGuideTest@6e171cd7]" started-at="2024-10-30T12:29:51 IST" name="VerifyCustomerOrderGuide" finished-at="2024-10-30T12:30:13 IST" duration-ms="21581" status="PASS">
          <reporter-output>
          </reporter-output>
        </test-method> <!-- VerifyCustomerOrderGuide -->
        <test-method is-config="true" signature="tearDown(org.testng.ITestResult)[pri:0, instance:com.cutanddry.qa.synthetic_monitoring.birite.VerifyCustomerOrderGuideTest@6e171cd7]" started-at="2024-10-30T12:30:13 IST" name="tearDown" finished-at="2024-10-30T12:30:13 IST" duration-ms="129" status="PASS">
          <params>
            <param index="0">
              <value>
                <![CDATA[[TestResult name=VerifyCustomerOrderGuide status=SUCCESS method=VerifyCustomerOrderGuideTest.VerifyCustomerOrderGuide()[pri:0, instance:com.cutanddry.qa.synthetic_monitoring.birite.VerifyCustomerOrderGuideTest@6e171cd7] output={null}]]]>
              </value>
            </param>
          </params>
          <reporter-output>
          </reporter-output>
        </test-method> <!-- tearDown -->
      </class> <!-- com.cutanddry.qa.synthetic_monitoring.birite.VerifyCustomerOrderGuideTest -->
      <class name="com.cutanddry.qa.synthetic_monitoring.birite.VerifyCustomerSearchTest">
        <test-method is-config="true" signature="setUp()[pri:0, instance:com.cutanddry.qa.synthetic_monitoring.birite.VerifyCustomerSearchTest@515aebb0]" started-at="2024-10-30T12:32:01 IST" name="setUp" finished-at="2024-10-30T12:32:08 IST" duration-ms="6745" status="PASS">
          <reporter-output>
          </reporter-output>
        </test-method> <!-- setUp -->
        <test-method signature="VerifyCustomerSearch()[pri:0, instance:com.cutanddry.qa.synthetic_monitoring.birite.VerifyCustomerSearchTest@515aebb0]" started-at="2024-10-30T12:32:08 IST" name="VerifyCustomerSearch" finished-at="2024-10-30T12:32:39 IST" duration-ms="30967" status="PASS">
          <reporter-output>
          </reporter-output>
        </test-method> <!-- VerifyCustomerSearch -->
        <test-method is-config="true" signature="tearDown(org.testng.ITestResult)[pri:0, instance:com.cutanddry.qa.synthetic_monitoring.birite.VerifyCustomerSearchTest@515aebb0]" started-at="2024-10-30T12:32:39 IST" name="tearDown" finished-at="2024-10-30T12:32:39 IST" duration-ms="128" status="PASS">
          <params>
            <param index="0">
              <value>
                <![CDATA[[TestResult name=VerifyCustomerSearch status=SUCCESS method=VerifyCustomerSearchTest.VerifyCustomerSearch()[pri:0, instance:com.cutanddry.qa.synthetic_monitoring.birite.VerifyCustomerSearchTest@515aebb0] output={null}]]]>
              </value>
            </param>
          </params>
          <reporter-output>
          </reporter-output>
        </test-method> <!-- tearDown -->
      </class> <!-- com.cutanddry.qa.synthetic_monitoring.birite.VerifyCustomerSearchTest -->
      <class name="com.cutanddry.qa.synthetic_monitoring.birite.VerifyTheUsersTest">
        <test-method is-config="true" signature="setUp()[pri:0, instance:com.cutanddry.qa.synthetic_monitoring.birite.VerifyTheUsersTest@595b007d]" started-at="2024-10-30T12:38:46 IST" name="setUp" finished-at="2024-10-30T12:38:51 IST" duration-ms="5061" status="PASS">
          <reporter-output>
          </reporter-output>
        </test-method> <!-- setUp -->
        <test-method signature="VerifyTheUsers()[pri:0, instance:com.cutanddry.qa.synthetic_monitoring.birite.VerifyTheUsersTest@595b007d]" started-at="2024-10-30T12:38:51 IST" name="VerifyTheUsers" finished-at="2024-10-30T12:39:04 IST" duration-ms="13552" status="PASS">
          <reporter-output>
          </reporter-output>
        </test-method> <!-- VerifyTheUsers -->
        <test-method is-config="true" signature="tearDown(org.testng.ITestResult)[pri:0, instance:com.cutanddry.qa.synthetic_monitoring.birite.VerifyTheUsersTest@595b007d]" started-at="2024-10-30T12:39:04 IST" name="tearDown" finished-at="2024-10-30T12:39:04 IST" duration-ms="121" status="PASS">
          <params>
            <param index="0">
              <value>
                <![CDATA[[TestResult name=VerifyTheUsers status=SUCCESS method=VerifyTheUsersTest.VerifyTheUsers()[pri:0, instance:com.cutanddry.qa.synthetic_monitoring.birite.VerifyTheUsersTest@595b007d] output={null}]]]>
              </value>
            </param>
          </params>
          <reporter-output>
          </reporter-output>
        </test-method> <!-- tearDown -->
      </class> <!-- com.cutanddry.qa.synthetic_monitoring.birite.VerifyTheUsersTest -->
      <class name="com.cutanddry.qa.synthetic_monitoring.birite.VerifyTheDraftsTest">
        <test-method is-config="true" signature="setUp()[pri:0, instance:com.cutanddry.qa.synthetic_monitoring.birite.VerifyTheDraftsTest@dd8ba08]" started-at="2024-10-30T12:32:39 IST" name="setUp" finished-at="2024-10-30T12:32:44 IST" duration-ms="4980" status="PASS">
          <reporter-output>
          </reporter-output>
        </test-method> <!-- setUp -->
        <test-method signature="VerifyTheDrafts()[pri:0, instance:com.cutanddry.qa.synthetic_monitoring.birite.VerifyTheDraftsTest@dd8ba08]" started-at="2024-10-30T12:32:44 IST" name="VerifyTheDrafts" finished-at="2024-10-30T12:33:00 IST" duration-ms="16250" status="PASS">
          <reporter-output>
          </reporter-output>
        </test-method> <!-- VerifyTheDrafts -->
        <test-method is-config="true" signature="tearDown(org.testng.ITestResult)[pri:0, instance:com.cutanddry.qa.synthetic_monitoring.birite.VerifyTheDraftsTest@dd8ba08]" started-at="2024-10-30T12:33:00 IST" name="tearDown" finished-at="2024-10-30T12:33:01 IST" duration-ms="123" status="PASS">
          <params>
            <param index="0">
              <value>
                <![CDATA[[TestResult name=VerifyTheDrafts status=SUCCESS method=VerifyTheDraftsTest.VerifyTheDrafts()[pri:0, instance:com.cutanddry.qa.synthetic_monitoring.birite.VerifyTheDraftsTest@dd8ba08] output={null}]]]>
              </value>
            </param>
          </params>
          <reporter-output>
          </reporter-output>
        </test-method> <!-- tearDown -->
      </class> <!-- com.cutanddry.qa.synthetic_monitoring.birite.VerifyTheDraftsTest -->
      <class name="com.cutanddry.qa.synthetic_monitoring.birite.VerifyCustomerEditTest">
        <test-method is-config="true" signature="setUp()[pri:0, instance:com.cutanddry.qa.synthetic_monitoring.birite.VerifyCustomerEditTest@37afeb11]" started-at="2024-10-30T12:30:41 IST" name="setUp" finished-at="2024-10-30T12:30:46 IST" duration-ms="5168" status="PASS">
          <reporter-output>
          </reporter-output>
        </test-method> <!-- setUp -->
        <test-method signature="VerifyCustomerEdit()[pri:0, instance:com.cutanddry.qa.synthetic_monitoring.birite.VerifyCustomerEditTest@37afeb11]" started-at="2024-10-30T12:30:46 IST" name="VerifyCustomerEdit" finished-at="2024-10-30T12:32:01 IST" duration-ms="75495" status="PASS">
          <reporter-output>
          </reporter-output>
        </test-method> <!-- VerifyCustomerEdit -->
        <test-method is-config="true" signature="tearDown(org.testng.ITestResult)[pri:0, instance:com.cutanddry.qa.synthetic_monitoring.birite.VerifyCustomerEditTest@37afeb11]" started-at="2024-10-30T12:32:01 IST" name="tearDown" finished-at="2024-10-30T12:32:01 IST" duration-ms="130" status="PASS">
          <params>
            <param index="0">
              <value>
                <![CDATA[[TestResult name=VerifyCustomerEdit status=SUCCESS method=VerifyCustomerEditTest.VerifyCustomerEdit()[pri:0, instance:com.cutanddry.qa.synthetic_monitoring.birite.VerifyCustomerEditTest@37afeb11] output={null}]]]>
              </value>
            </param>
          </params>
          <reporter-output>
          </reporter-output>
        </test-method> <!-- tearDown -->
      </class> <!-- com.cutanddry.qa.synthetic_monitoring.birite.VerifyCustomerEditTest -->
      <class name="com.cutanddry.qa.synthetic_monitoring.birite.VerifyTheHistoryTest">
        <test-method is-config="true" signature="setUp()[pri:0, instance:com.cutanddry.qa.synthetic_monitoring.birite.VerifyTheHistoryTest@5158b42f]" started-at="2024-10-30T12:38:24 IST" name="setUp" finished-at="2024-10-30T12:38:29 IST" duration-ms="4521" status="PASS">
          <reporter-output>
          </reporter-output>
        </test-method> <!-- setUp -->
        <test-method signature="VerifyTheHistory()[pri:0, instance:com.cutanddry.qa.synthetic_monitoring.birite.VerifyTheHistoryTest@5158b42f]" started-at="2024-10-30T12:38:29 IST" name="VerifyTheHistory" finished-at="2024-10-30T12:38:46 IST" duration-ms="16548" status="PASS">
          <reporter-output>
          </reporter-output>
        </test-method> <!-- VerifyTheHistory -->
        <test-method is-config="true" signature="tearDown(org.testng.ITestResult)[pri:0, instance:com.cutanddry.qa.synthetic_monitoring.birite.VerifyTheHistoryTest@5158b42f]" started-at="2024-10-30T12:38:46 IST" name="tearDown" finished-at="2024-10-30T12:38:46 IST" duration-ms="122" status="PASS">
          <params>
            <param index="0">
              <value>
                <![CDATA[[TestResult name=VerifyTheHistory status=SUCCESS method=VerifyTheHistoryTest.VerifyTheHistory()[pri:0, instance:com.cutanddry.qa.synthetic_monitoring.birite.VerifyTheHistoryTest@5158b42f] output={null}]]]>
              </value>
            </param>
          </params>
          <reporter-output>
          </reporter-output>
        </test-method> <!-- tearDown -->
      </class> <!-- com.cutanddry.qa.synthetic_monitoring.birite.VerifyTheHistoryTest -->
      <class name="com.cutanddry.qa.synthetic_monitoring.birite.VerifyThePaySectionTest">
        <test-method is-config="true" signature="setUp()[pri:0, instance:com.cutanddry.qa.synthetic_monitoring.birite.VerifyThePaySectionTest@16293aa2]" started-at="2024-10-30T12:38:03 IST" name="setUp" finished-at="2024-10-30T12:38:09 IST" duration-ms="5693" status="PASS">
          <reporter-output>
          </reporter-output>
        </test-method> <!-- setUp -->
        <test-method signature="VerifyThePaySection()[pri:0, instance:com.cutanddry.qa.synthetic_monitoring.birite.VerifyThePaySectionTest@16293aa2]" started-at="2024-10-30T12:38:09 IST" name="VerifyThePaySection" finished-at="2024-10-30T12:38:24 IST" duration-ms="15321" status="PASS">
          <reporter-output>
          </reporter-output>
        </test-method> <!-- VerifyThePaySection -->
        <test-method is-config="true" signature="tearDown(org.testng.ITestResult)[pri:0, instance:com.cutanddry.qa.synthetic_monitoring.birite.VerifyThePaySectionTest@16293aa2]" started-at="2024-10-30T12:38:24 IST" name="tearDown" finished-at="2024-10-30T12:38:24 IST" duration-ms="127" status="PASS">
          <params>
            <param index="0">
              <value>
                <![CDATA[[TestResult name=VerifyThePaySection status=SUCCESS method=VerifyThePaySectionTest.VerifyThePaySection()[pri:0, instance:com.cutanddry.qa.synthetic_monitoring.birite.VerifyThePaySectionTest@16293aa2] output={null}]]]>
              </value>
            </param>
          </params>
          <reporter-output>
          </reporter-output>
        </test-method> <!-- tearDown -->
      </class> <!-- com.cutanddry.qa.synthetic_monitoring.birite.VerifyThePaySectionTest -->
      <class name="com.cutanddry.qa.synthetic_monitoring.birite.VerifySettingsLocationTest">
        <test-method is-config="true" signature="setUp()[pri:0, instance:com.cutanddry.qa.synthetic_monitoring.birite.VerifySettingsLocationTest@222545dc]" started-at="2024-10-30T12:37:12 IST" name="setUp" finished-at="2024-10-30T12:37:16 IST" duration-ms="4205" status="PASS">
          <reporter-output>
          </reporter-output>
        </test-method> <!-- setUp -->
        <test-method signature="VerifySettingsLocation()[pri:0, instance:com.cutanddry.qa.synthetic_monitoring.birite.VerifySettingsLocationTest@222545dc]" started-at="2024-10-30T12:37:16 IST" name="VerifySettingsLocation" finished-at="2024-10-30T12:37:36 IST" duration-ms="20466" status="PASS">
          <reporter-output>
          </reporter-output>
        </test-method> <!-- VerifySettingsLocation -->
        <test-method is-config="true" signature="tearDown(org.testng.ITestResult)[pri:0, instance:com.cutanddry.qa.synthetic_monitoring.birite.VerifySettingsLocationTest@222545dc]" started-at="2024-10-30T12:37:36 IST" name="tearDown" finished-at="2024-10-30T12:37:36 IST" duration-ms="121" status="PASS">
          <params>
            <param index="0">
              <value>
                <![CDATA[[TestResult name=VerifySettingsLocation status=SUCCESS method=VerifySettingsLocationTest.VerifySettingsLocation()[pri:0, instance:com.cutanddry.qa.synthetic_monitoring.birite.VerifySettingsLocationTest@222545dc] output={null}]]]>
              </value>
            </param>
          </params>
          <reporter-output>
          </reporter-output>
        </test-method> <!-- tearDown -->
      </class> <!-- com.cutanddry.qa.synthetic_monitoring.birite.VerifySettingsLocationTest -->
      <class name="com.cutanddry.qa.synthetic_monitoring.birite.VerifyTheSuppliersTest">
        <test-method is-config="true" signature="setUp()[pri:0, instance:com.cutanddry.qa.synthetic_monitoring.birite.VerifyTheSuppliersTest@2d7275fc]" started-at="2024-10-30T12:39:23 IST" name="setUp" finished-at="2024-10-30T12:39:28 IST" duration-ms="4649" status="PASS">
          <reporter-output>
          </reporter-output>
        </test-method> <!-- setUp -->
        <test-method signature="VerifyTheSuppliers()[pri:0, instance:com.cutanddry.qa.synthetic_monitoring.birite.VerifyTheSuppliersTest@2d7275fc]" started-at="2024-10-30T12:39:28 IST" name="VerifyTheSuppliers" finished-at="2024-10-30T12:39:42 IST" duration-ms="13841" status="PASS">
          <reporter-output>
          </reporter-output>
        </test-method> <!-- VerifyTheSuppliers -->
        <test-method is-config="true" signature="tearDown(org.testng.ITestResult)[pri:0, instance:com.cutanddry.qa.synthetic_monitoring.birite.VerifyTheSuppliersTest@2d7275fc]" started-at="2024-10-30T12:39:42 IST" name="tearDown" finished-at="2024-10-30T12:39:42 IST" duration-ms="119" status="PASS">
          <params>
            <param index="0">
              <value>
                <![CDATA[[TestResult name=VerifyTheSuppliers status=SUCCESS method=VerifyTheSuppliersTest.VerifyTheSuppliers()[pri:0, instance:com.cutanddry.qa.synthetic_monitoring.birite.VerifyTheSuppliersTest@2d7275fc] output={null}]]]>
              </value>
            </param>
          </params>
          <reporter-output>
          </reporter-output>
        </test-method> <!-- tearDown -->
      </class> <!-- com.cutanddry.qa.synthetic_monitoring.birite.VerifyTheSuppliersTest -->
      <class name="com.cutanddry.qa.synthetic_monitoring.birite.VerifySettingsAccountingTest">
        <test-method is-config="true" signature="setUp()[pri:0, instance:com.cutanddry.qa.synthetic_monitoring.birite.VerifySettingsAccountingTest@5c5eefef]" started-at="2024-10-30T12:37:36 IST" name="setUp" finished-at="2024-10-30T12:37:41 IST" duration-ms="5121" status="PASS">
          <reporter-output>
          </reporter-output>
        </test-method> <!-- setUp -->
        <test-method signature="VerifySettingsLocation()[pri:0, instance:com.cutanddry.qa.synthetic_monitoring.birite.VerifySettingsAccountingTest@5c5eefef]" started-at="2024-10-30T12:37:41 IST" name="VerifySettingsLocation" finished-at="2024-10-30T12:38:03 IST" duration-ms="21682" status="PASS">
          <reporter-output>
          </reporter-output>
        </test-method> <!-- VerifySettingsLocation -->
        <test-method is-config="true" signature="tearDown(org.testng.ITestResult)[pri:0, instance:com.cutanddry.qa.synthetic_monitoring.birite.VerifySettingsAccountingTest@5c5eefef]" started-at="2024-10-30T12:38:03 IST" name="tearDown" finished-at="2024-10-30T12:38:03 IST" duration-ms="125" status="PASS">
          <params>
            <param index="0">
              <value>
                <![CDATA[[TestResult name=VerifySettingsLocation status=SUCCESS method=VerifySettingsAccountingTest.VerifySettingsLocation()[pri:0, instance:com.cutanddry.qa.synthetic_monitoring.birite.VerifySettingsAccountingTest@5c5eefef] output={null}]]]>
              </value>
            </param>
          </params>
          <reporter-output>
          </reporter-output>
        </test-method> <!-- tearDown -->
      </class> <!-- com.cutanddry.qa.synthetic_monitoring.birite.VerifySettingsAccountingTest -->
      <class name="com.cutanddry.qa.synthetic_monitoring.birite.VerifySettingsRestaurantTest">
        <test-method is-config="true" signature="setUp()[pri:0, instance:com.cutanddry.qa.synthetic_monitoring.birite.VerifySettingsRestaurantTest@6ae5aa72]" started-at="2024-10-30T12:36:48 IST" name="setUp" finished-at="2024-10-30T12:36:52 IST" duration-ms="4529" status="PASS">
          <reporter-output>
          </reporter-output>
        </test-method> <!-- setUp -->
        <test-method signature="VerifySettingsRestaurant()[pri:0, instance:com.cutanddry.qa.synthetic_monitoring.birite.VerifySettingsRestaurantTest@6ae5aa72]" started-at="2024-10-30T12:36:52 IST" name="VerifySettingsRestaurant" finished-at="2024-10-30T12:37:11 IST" duration-ms="19293" status="PASS">
          <reporter-output>
          </reporter-output>
        </test-method> <!-- VerifySettingsRestaurant -->
        <test-method is-config="true" signature="tearDown(org.testng.ITestResult)[pri:0, instance:com.cutanddry.qa.synthetic_monitoring.birite.VerifySettingsRestaurantTest@6ae5aa72]" started-at="2024-10-30T12:37:11 IST" name="tearDown" finished-at="2024-10-30T12:37:12 IST" duration-ms="129" status="PASS">
          <params>
            <param index="0">
              <value>
                <![CDATA[[TestResult name=VerifySettingsRestaurant status=SUCCESS method=VerifySettingsRestaurantTest.VerifySettingsRestaurant()[pri:0, instance:com.cutanddry.qa.synthetic_monitoring.birite.VerifySettingsRestaurantTest@6ae5aa72] output={null}]]]>
              </value>
            </param>
          </params>
          <reporter-output>
          </reporter-output>
        </test-method> <!-- tearDown -->
      </class> <!-- com.cutanddry.qa.synthetic_monitoring.birite.VerifySettingsRestaurantTest -->
      <class name="com.cutanddry.qa.synthetic_monitoring.birite.VerifySettingsProfileTest">
        <test-method is-config="true" signature="setUp()[pri:0, instance:com.cutanddry.qa.synthetic_monitoring.birite.VerifySettingsProfileTest@6c64cb25]" started-at="2024-10-30T12:36:22 IST" name="setUp" finished-at="2024-10-30T12:36:28 IST" duration-ms="5576" status="PASS">
          <reporter-output>
          </reporter-output>
        </test-method> <!-- setUp -->
        <test-method signature="VerifyProfileSettings()[pri:0, instance:com.cutanddry.qa.synthetic_monitoring.birite.VerifySettingsProfileTest@6c64cb25]" started-at="2024-10-30T12:36:28 IST" name="VerifyProfileSettings" finished-at="2024-10-30T12:36:47 IST" duration-ms="19613" status="PASS">
          <reporter-output>
          </reporter-output>
        </test-method> <!-- VerifyProfileSettings -->
        <test-method is-config="true" signature="tearDown(org.testng.ITestResult)[pri:0, instance:com.cutanddry.qa.synthetic_monitoring.birite.VerifySettingsProfileTest@6c64cb25]" started-at="2024-10-30T12:36:47 IST" name="tearDown" finished-at="2024-10-30T12:36:48 IST" duration-ms="129" status="PASS">
          <params>
            <param index="0">
              <value>
                <![CDATA[[TestResult name=VerifyProfileSettings status=SUCCESS method=VerifySettingsProfileTest.VerifyProfileSettings()[pri:0, instance:com.cutanddry.qa.synthetic_monitoring.birite.VerifySettingsProfileTest@6c64cb25] output={null}]]]>
              </value>
            </param>
          </params>
          <reporter-output>
          </reporter-output>
        </test-method> <!-- tearDown -->
      </class> <!-- com.cutanddry.qa.synthetic_monitoring.birite.VerifySettingsProfileTest -->
      <class name="com.cutanddry.qa.synthetic_monitoring.birite.VerifyTheChatTest">
        <test-method is-config="true" signature="setUp()[pri:0, instance:com.cutanddry.qa.synthetic_monitoring.birite.VerifyTheChatTest@245b4bdc]" started-at="2024-10-30T12:33:01 IST" name="setUp" finished-at="2024-10-30T12:33:05 IST" duration-ms="4945" status="PASS">
          <reporter-output>
          </reporter-output>
        </test-method> <!-- setUp -->
        <test-method signature="VerifyTheChat()[pri:0, instance:com.cutanddry.qa.synthetic_monitoring.birite.VerifyTheChatTest@245b4bdc]" started-at="2024-10-30T12:33:05 IST" name="VerifyTheChat" finished-at="2024-10-30T12:36:22 IST" duration-ms="196463" status="FAIL">
          <exception class="java.lang.AssertionError">
            <message>
              <![CDATA[The following asserts failed:
navigation error expected [true] but found [false]]]>
            </message>
            <full-stacktrace>
              <![CDATA[java.lang.AssertionError: The following asserts failed:
navigation error expected [true] but found [false]
at org.testng.asserts.SoftAssert.assertAll(SoftAssert.java:46)
at org.testng.asserts.SoftAssert.assertAll(SoftAssert.java:30)
at com.cutanddry.qa.synthetic_monitoring.birite.VerifyTheChatTest.VerifyTheChat(VerifyTheChatTest.java:35)
at java.base/jdk.internal.reflect.DirectMethodHandleAccessor.invoke(DirectMethodHandleAccessor.java:103)
at java.base/java.lang.reflect.Method.invoke(Method.java:580)
at org.testng.internal.invokers.MethodInvocationHelper.invokeMethod(MethodInvocationHelper.java:141)
at org.testng.internal.invokers.TestInvoker.invokeMethod(TestInvoker.java:686)
at org.testng.internal.invokers.TestInvoker.invokeTestMethod(TestInvoker.java:230)
at org.testng.internal.invokers.MethodRunner.runInSequence(MethodRunner.java:63)
at org.testng.internal.invokers.TestInvoker$MethodInvocationAgent.invoke(TestInvoker.java:992)
at org.testng.internal.invokers.TestInvoker.invokeTestMethods(TestInvoker.java:203)
at org.testng.internal.invokers.TestMethodWorker.invokeTestMethods(TestMethodWorker.java:154)
at org.testng.internal.invokers.TestMethodWorker.run(TestMethodWorker.java:134)
at java.base/java.util.ArrayList.forEach(ArrayList.java:1597)
at org.testng.TestRunner.privateRun(TestRunner.java:739)
at org.testng.TestRunner.run(TestRunner.java:614)
at org.testng.SuiteRunner.runTest(SuiteRunner.java:421)
at org.testng.SuiteRunner$SuiteWorker.run(SuiteRunner.java:463)
at org.testng.internal.thread.ThreadUtil.lambda$execute$0(ThreadUtil.java:64)
at java.base/java.util.concurrent.FutureTask.run(FutureTask.java:317)
at java.base/java.util.concurrent.ThreadPoolExecutor.runWorker(ThreadPoolExecutor.java:1144)
at java.base/java.util.concurrent.ThreadPoolExecutor$Worker.run(ThreadPoolExecutor.java:642)
at java.base/java.lang.Thread.run(Thread.java:1570)
]]>
            </full-stacktrace>
          </exception> <!-- java.lang.AssertionError -->
          <reporter-output>
          </reporter-output>
        </test-method> <!-- VerifyTheChat -->
        <test-method is-config="true" signature="tearDown(org.testng.ITestResult)[pri:0, instance:com.cutanddry.qa.synthetic_monitoring.birite.VerifyTheChatTest@245b4bdc]" started-at="2024-10-30T12:36:22 IST" name="tearDown" finished-at="2024-10-30T12:36:22 IST" duration-ms="360" status="PASS">
          <params>
            <param index="0">
              <value>
                <![CDATA[[TestResult name=VerifyTheChat status=FAILURE method=VerifyTheChatTest.VerifyTheChat()[pri:0, instance:com.cutanddry.qa.synthetic_monitoring.birite.VerifyTheChatTest@245b4bdc] output={null}]]]>
              </value>
            </param>
          </params>
          <reporter-output>
          </reporter-output>
        </test-method> <!-- tearDown -->
      </class> <!-- com.cutanddry.qa.synthetic_monitoring.birite.VerifyTheChatTest -->
    </test> <!-- synthetic monitoring tests -->
  </suite> <!-- bvt suit -->
</testng-results>
