<?xml version="1.0" encoding="UTF-8"?>
<testng-results ignored="0" total="11" passed="11" failed="0" skipped="0">
  <reporter-output>
  </reporter-output>
  <suite started-at="2024-10-30T11:56:36 IST" name="bvt suit" finished-at="2024-10-30T12:01:44 IST" duration-ms="308060">
    <groups>
    </groups>
    <test started-at="2024-10-30T11:56:36 IST" name="synthetic monitoring tests" finished-at="2024-10-30T12:01:44 IST" duration-ms="308060">
      <class name="com.cutanddry.qa.synthetic_monitoring.dicarlo.VerifyTheChatTest">
        <test-method is-config="true" signature="setUp()[pri:0, instance:com.cutanddry.qa.synthetic_monitoring.dicarlo.VerifyTheChatTest@5876a9af]" started-at="2024-10-30T11:59:37 IST" name="setUp" finished-at="2024-10-30T11:59:41 IST" duration-ms="4414" status="PASS">
          <reporter-output>
          </reporter-output>
        </test-method> <!-- setUp -->
        <test-method signature="VerifyTheChat()[pri:0, instance:com.cutanddry.qa.synthetic_monitoring.dicarlo.VerifyTheChatTest@5876a9af]" started-at="2024-10-30T11:59:41 IST" name="VerifyTheChat" finished-at="2024-10-30T11:59:58 IST" duration-ms="16970" status="PASS">
          <reporter-output>
          </reporter-output>
        </test-method> <!-- VerifyTheChat -->
        <test-method is-config="true" signature="tearDown(org.testng.ITestResult)[pri:0, instance:com.cutanddry.qa.synthetic_monitoring.dicarlo.VerifyTheChatTest@5876a9af]" started-at="2024-10-30T11:59:58 IST" name="tearDown" finished-at="2024-10-30T11:59:59 IST" duration-ms="122" status="PASS">
          <params>
            <param index="0">
              <value>
                <![CDATA[[TestResult name=VerifyTheChat status=SUCCESS method=VerifyTheChatTest.VerifyTheChat()[pri:0, instance:com.cutanddry.qa.synthetic_monitoring.dicarlo.VerifyTheChatTest@5876a9af] output={null}]]]>
              </value>
            </param>
          </params>
          <reporter-output>
          </reporter-output>
        </test-method> <!-- tearDown -->
      </class> <!-- com.cutanddry.qa.synthetic_monitoring.dicarlo.VerifyTheChatTest -->
      <class name="com.cutanddry.qa.synthetic_monitoring.dicarlo.VerifyCustomerSearchTest">
        <test-method is-config="true" signature="setUp()[pri:0, instance:com.cutanddry.qa.synthetic_monitoring.dicarlo.VerifyCustomerSearchTest@1aa7ecca]" started-at="2024-10-30T11:58:31 IST" name="setUp" finished-at="2024-10-30T11:58:36 IST" duration-ms="4336" status="PASS">
          <reporter-output>
          </reporter-output>
        </test-method> <!-- setUp -->
        <test-method signature="VerifyCustomerSearch()[pri:0, instance:com.cutanddry.qa.synthetic_monitoring.dicarlo.VerifyCustomerSearchTest@1aa7ecca]" started-at="2024-10-30T11:58:36 IST" name="VerifyCustomerSearch" finished-at="2024-10-30T11:59:18 IST" duration-ms="42848" status="PASS">
          <reporter-output>
          </reporter-output>
        </test-method> <!-- VerifyCustomerSearch -->
        <test-method is-config="true" signature="tearDown(org.testng.ITestResult)[pri:0, instance:com.cutanddry.qa.synthetic_monitoring.dicarlo.VerifyCustomerSearchTest@1aa7ecca]" started-at="2024-10-30T11:59:18 IST" name="tearDown" finished-at="2024-10-30T11:59:19 IST" duration-ms="133" status="PASS">
          <params>
            <param index="0">
              <value>
                <![CDATA[[TestResult name=VerifyCustomerSearch status=SUCCESS method=VerifyCustomerSearchTest.VerifyCustomerSearch()[pri:0, instance:com.cutanddry.qa.synthetic_monitoring.dicarlo.VerifyCustomerSearchTest@1aa7ecca] output={null}]]]>
              </value>
            </param>
          </params>
          <reporter-output>
          </reporter-output>
        </test-method> <!-- tearDown -->
      </class> <!-- com.cutanddry.qa.synthetic_monitoring.dicarlo.VerifyCustomerSearchTest -->
      <class name="com.cutanddry.qa.synthetic_monitoring.dicarlo.VerifyTheUsersTest">
        <test-method is-config="true" signature="setUp()[pri:0, instance:com.cutanddry.qa.synthetic_monitoring.dicarlo.VerifyTheUsersTest@2a798d51]" started-at="2024-10-30T12:01:24 IST" name="setUp" finished-at="2024-10-30T12:01:29 IST" duration-ms="4571" status="PASS">
          <reporter-output>
          </reporter-output>
        </test-method> <!-- setUp -->
        <test-method signature="VerifyTheUsers()[pri:0, instance:com.cutanddry.qa.synthetic_monitoring.dicarlo.VerifyTheUsersTest@2a798d51]" started-at="2024-10-30T12:01:29 IST" name="VerifyTheUsers" finished-at="2024-10-30T12:01:43 IST" duration-ms="14691" status="PASS">
          <reporter-output>
          </reporter-output>
        </test-method> <!-- VerifyTheUsers -->
        <test-method is-config="true" signature="tearDown(org.testng.ITestResult)[pri:0, instance:com.cutanddry.qa.synthetic_monitoring.dicarlo.VerifyTheUsersTest@2a798d51]" started-at="2024-10-30T12:01:43 IST" name="tearDown" finished-at="2024-10-30T12:01:44 IST" duration-ms="122" status="PASS">
          <params>
            <param index="0">
              <value>
                <![CDATA[[TestResult name=VerifyTheUsers status=SUCCESS method=VerifyTheUsersTest.VerifyTheUsers()[pri:0, instance:com.cutanddry.qa.synthetic_monitoring.dicarlo.VerifyTheUsersTest@2a798d51] output={null}]]]>
              </value>
            </param>
          </params>
          <reporter-output>
          </reporter-output>
        </test-method> <!-- tearDown -->
      </class> <!-- com.cutanddry.qa.synthetic_monitoring.dicarlo.VerifyTheUsersTest -->
      <class name="com.cutanddry.qa.synthetic_monitoring.dicarlo.VerifyCustomerCatalogTest">
        <test-method is-config="true" signature="setUp()[pri:0, instance:com.cutanddry.qa.synthetic_monitoring.dicarlo.VerifyCustomerCatalogTest@9f116cc]" started-at="2024-10-30T11:57:10 IST" name="setUp" finished-at="2024-10-30T11:57:14 IST" duration-ms="4492" status="PASS">
          <reporter-output>
          </reporter-output>
        </test-method> <!-- setUp -->
        <test-method signature="VerifyCustomerCatalog()[pri:0, instance:com.cutanddry.qa.synthetic_monitoring.dicarlo.VerifyCustomerCatalogTest@9f116cc]" started-at="2024-10-30T11:57:14 IST" name="VerifyCustomerCatalog" finished-at="2024-10-30T11:57:46 IST" duration-ms="31431" status="PASS">
          <reporter-output>
          </reporter-output>
        </test-method> <!-- VerifyCustomerCatalog -->
        <test-method is-config="true" signature="tearDown(org.testng.ITestResult)[pri:0, instance:com.cutanddry.qa.synthetic_monitoring.dicarlo.VerifyCustomerCatalogTest@9f116cc]" started-at="2024-10-30T11:57:46 IST" name="tearDown" finished-at="2024-10-30T11:57:46 IST" duration-ms="127" status="PASS">
          <params>
            <param index="0">
              <value>
                <![CDATA[[TestResult name=VerifyCustomerCatalog status=SUCCESS method=VerifyCustomerCatalogTest.VerifyCustomerCatalog()[pri:0, instance:com.cutanddry.qa.synthetic_monitoring.dicarlo.VerifyCustomerCatalogTest@9f116cc] output={null}]]]>
              </value>
            </param>
          </params>
          <reporter-output>
          </reporter-output>
        </test-method> <!-- tearDown -->
      </class> <!-- com.cutanddry.qa.synthetic_monitoring.dicarlo.VerifyCustomerCatalogTest -->
      <class name="com.cutanddry.qa.synthetic_monitoring.dicarlo.VerifyCustomerEditTest">
        <test-method is-config="true" signature="setUp()[pri:0, instance:com.cutanddry.qa.synthetic_monitoring.dicarlo.VerifyCustomerEditTest@12468a38]" started-at="2024-10-30T11:57:46 IST" name="setUp" finished-at="2024-10-30T11:57:51 IST" duration-ms="5245" status="PASS">
          <reporter-output>
          </reporter-output>
        </test-method> <!-- setUp -->
        <test-method signature="VerifyCustomerEdit()[pri:0, instance:com.cutanddry.qa.synthetic_monitoring.dicarlo.VerifyCustomerEditTest@12468a38]" started-at="2024-10-30T11:57:51 IST" name="VerifyCustomerEdit" finished-at="2024-10-30T11:58:31 IST" duration-ms="40053" status="PASS">
          <reporter-output>
          </reporter-output>
        </test-method> <!-- VerifyCustomerEdit -->
        <test-method is-config="true" signature="tearDown(org.testng.ITestResult)[pri:0, instance:com.cutanddry.qa.synthetic_monitoring.dicarlo.VerifyCustomerEditTest@12468a38]" started-at="2024-10-30T11:58:31 IST" name="tearDown" finished-at="2024-10-30T11:58:31 IST" duration-ms="127" status="PASS">
          <params>
            <param index="0">
              <value>
                <![CDATA[[TestResult name=VerifyCustomerEdit status=SUCCESS method=VerifyCustomerEditTest.VerifyCustomerEdit()[pri:0, instance:com.cutanddry.qa.synthetic_monitoring.dicarlo.VerifyCustomerEditTest@12468a38] output={null}]]]>
              </value>
            </param>
          </params>
          <reporter-output>
          </reporter-output>
        </test-method> <!-- tearDown -->
      </class> <!-- com.cutanddry.qa.synthetic_monitoring.dicarlo.VerifyCustomerEditTest -->
      <class name="com.cutanddry.qa.synthetic_monitoring.dicarlo.VerifyTheHistoryTest">
        <test-method is-config="true" signature="setUp()[pri:0, instance:com.cutanddry.qa.synthetic_monitoring.dicarlo.VerifyTheHistoryTest@6b81ce95]" started-at="2024-10-30T12:01:03 IST" name="setUp" finished-at="2024-10-30T12:01:08 IST" duration-ms="5141" status="PASS">
          <reporter-output>
          </reporter-output>
        </test-method> <!-- setUp -->
        <test-method signature="VerifyTheHistory()[pri:0, instance:com.cutanddry.qa.synthetic_monitoring.dicarlo.VerifyTheHistoryTest@6b81ce95]" started-at="2024-10-30T12:01:08 IST" name="VerifyTheHistory" finished-at="2024-10-30T12:01:24 IST" duration-ms="15822" status="PASS">
          <reporter-output>
          </reporter-output>
        </test-method> <!-- VerifyTheHistory -->
        <test-method is-config="true" signature="tearDown(org.testng.ITestResult)[pri:0, instance:com.cutanddry.qa.synthetic_monitoring.dicarlo.VerifyTheHistoryTest@6b81ce95]" started-at="2024-10-30T12:01:24 IST" name="tearDown" finished-at="2024-10-30T12:01:24 IST" duration-ms="140" status="PASS">
          <params>
            <param index="0">
              <value>
                <![CDATA[[TestResult name=VerifyTheHistory status=SUCCESS method=VerifyTheHistoryTest.VerifyTheHistory()[pri:0, instance:com.cutanddry.qa.synthetic_monitoring.dicarlo.VerifyTheHistoryTest@6b81ce95] output={null}]]]>
              </value>
            </param>
          </params>
          <reporter-output>
          </reporter-output>
        </test-method> <!-- tearDown -->
      </class> <!-- com.cutanddry.qa.synthetic_monitoring.dicarlo.VerifyTheHistoryTest -->
      <class name="com.cutanddry.qa.synthetic_monitoring.dicarlo.VerifySettingsLocationTest">
        <test-method is-config="true" signature="setUp()[pri:0, instance:com.cutanddry.qa.synthetic_monitoring.dicarlo.VerifySettingsLocationTest@6572421]" started-at="2024-10-30T12:00:42 IST" name="setUp" finished-at="2024-10-30T12:00:46 IST" duration-ms="4808" status="PASS">
          <reporter-output>
          </reporter-output>
        </test-method> <!-- setUp -->
        <test-method signature="VerifySettingsLocation()[pri:0, instance:com.cutanddry.qa.synthetic_monitoring.dicarlo.VerifySettingsLocationTest@6572421]" started-at="2024-10-30T12:00:46 IST" name="VerifySettingsLocation" finished-at="2024-10-30T12:01:03 IST" duration-ms="16682" status="PASS">
          <reporter-output>
          </reporter-output>
        </test-method> <!-- VerifySettingsLocation -->
        <test-method is-config="true" signature="tearDown(org.testng.ITestResult)[pri:0, instance:com.cutanddry.qa.synthetic_monitoring.dicarlo.VerifySettingsLocationTest@6572421]" started-at="2024-10-30T12:01:03 IST" name="tearDown" finished-at="2024-10-30T12:01:03 IST" duration-ms="121" status="PASS">
          <params>
            <param index="0">
              <value>
                <![CDATA[[TestResult name=VerifySettingsLocation status=SUCCESS method=VerifySettingsLocationTest.VerifySettingsLocation()[pri:0, instance:com.cutanddry.qa.synthetic_monitoring.dicarlo.VerifySettingsLocationTest@6572421] output={null}]]]>
              </value>
            </param>
          </params>
          <reporter-output>
          </reporter-output>
        </test-method> <!-- tearDown -->
      </class> <!-- com.cutanddry.qa.synthetic_monitoring.dicarlo.VerifySettingsLocationTest -->
      <class name="com.cutanddry.qa.synthetic_monitoring.dicarlo.VerifySettingsProfileTest">
        <test-method is-config="true" signature="setUp()[pri:0, instance:com.cutanddry.qa.synthetic_monitoring.dicarlo.VerifySettingsProfileTest@7ec7ffd3]" started-at="2024-10-30T11:59:59 IST" name="setUp" finished-at="2024-10-30T12:00:03 IST" duration-ms="4302" status="PASS">
          <reporter-output>
          </reporter-output>
        </test-method> <!-- setUp -->
        <test-method signature="VerifyProfileSettings()[pri:0, instance:com.cutanddry.qa.synthetic_monitoring.dicarlo.VerifySettingsProfileTest@7ec7ffd3]" started-at="2024-10-30T12:00:03 IST" name="VerifyProfileSettings" finished-at="2024-10-30T12:00:20 IST" duration-ms="16965" status="PASS">
          <reporter-output>
          </reporter-output>
        </test-method> <!-- VerifyProfileSettings -->
        <test-method is-config="true" signature="tearDown(org.testng.ITestResult)[pri:0, instance:com.cutanddry.qa.synthetic_monitoring.dicarlo.VerifySettingsProfileTest@7ec7ffd3]" started-at="2024-10-30T12:00:20 IST" name="tearDown" finished-at="2024-10-30T12:00:20 IST" duration-ms="127" status="PASS">
          <params>
            <param index="0">
              <value>
                <![CDATA[[TestResult name=VerifyProfileSettings status=SUCCESS method=VerifySettingsProfileTest.VerifyProfileSettings()[pri:0, instance:com.cutanddry.qa.synthetic_monitoring.dicarlo.VerifySettingsProfileTest@7ec7ffd3] output={null}]]]>
              </value>
            </param>
          </params>
          <reporter-output>
          </reporter-output>
        </test-method> <!-- tearDown -->
      </class> <!-- com.cutanddry.qa.synthetic_monitoring.dicarlo.VerifySettingsProfileTest -->
      <class name="com.cutanddry.qa.synthetic_monitoring.dicarlo.VerifySettingsRestaurantTest">
        <test-method is-config="true" signature="setUp()[pri:0, instance:com.cutanddry.qa.synthetic_monitoring.dicarlo.VerifySettingsRestaurantTest@5b239d7d]" started-at="2024-10-30T12:00:20 IST" name="setUp" finished-at="2024-10-30T12:00:24 IST" duration-ms="4412" status="PASS">
          <reporter-output>
          </reporter-output>
        </test-method> <!-- setUp -->
        <test-method signature="VerifySettingsRestaurant()[pri:0, instance:com.cutanddry.qa.synthetic_monitoring.dicarlo.VerifySettingsRestaurantTest@5b239d7d]" started-at="2024-10-30T12:00:24 IST" name="VerifySettingsRestaurant" finished-at="2024-10-30T12:00:41 IST" duration-ms="17014" status="PASS">
          <reporter-output>
          </reporter-output>
        </test-method> <!-- VerifySettingsRestaurant -->
        <test-method is-config="true" signature="tearDown(org.testng.ITestResult)[pri:0, instance:com.cutanddry.qa.synthetic_monitoring.dicarlo.VerifySettingsRestaurantTest@5b239d7d]" started-at="2024-10-30T12:00:41 IST" name="tearDown" finished-at="2024-10-30T12:00:42 IST" duration-ms="125" status="PASS">
          <params>
            <param index="0">
              <value>
                <![CDATA[[TestResult name=VerifySettingsRestaurant status=SUCCESS method=VerifySettingsRestaurantTest.VerifySettingsRestaurant()[pri:0, instance:com.cutanddry.qa.synthetic_monitoring.dicarlo.VerifySettingsRestaurantTest@5b239d7d] output={null}]]]>
              </value>
            </param>
          </params>
          <reporter-output>
          </reporter-output>
        </test-method> <!-- tearDown -->
      </class> <!-- com.cutanddry.qa.synthetic_monitoring.dicarlo.VerifySettingsRestaurantTest -->
      <class name="com.cutanddry.qa.synthetic_monitoring.dicarlo.VerifyTheDraftsTest">
        <test-method is-config="true" signature="setUp()[pri:0, instance:com.cutanddry.qa.synthetic_monitoring.dicarlo.VerifyTheDraftsTest@59309333]" started-at="2024-10-30T11:59:19 IST" name="setUp" finished-at="2024-10-30T11:59:23 IST" duration-ms="4480" status="PASS">
          <reporter-output>
          </reporter-output>
        </test-method> <!-- setUp -->
        <test-method signature="VerifyTheDrafts()[pri:0, instance:com.cutanddry.qa.synthetic_monitoring.dicarlo.VerifyTheDraftsTest@59309333]" started-at="2024-10-30T11:59:23 IST" name="VerifyTheDrafts" finished-at="2024-10-30T11:59:37 IST" duration-ms="13867" status="PASS">
          <reporter-output>
          </reporter-output>
        </test-method> <!-- VerifyTheDrafts -->
        <test-method is-config="true" signature="tearDown(org.testng.ITestResult)[pri:0, instance:com.cutanddry.qa.synthetic_monitoring.dicarlo.VerifyTheDraftsTest@59309333]" started-at="2024-10-30T11:59:37 IST" name="tearDown" finished-at="2024-10-30T11:59:37 IST" duration-ms="126" status="PASS">
          <params>
            <param index="0">
              <value>
                <![CDATA[[TestResult name=VerifyTheDrafts status=SUCCESS method=VerifyTheDraftsTest.VerifyTheDrafts()[pri:0, instance:com.cutanddry.qa.synthetic_monitoring.dicarlo.VerifyTheDraftsTest@59309333] output={null}]]]>
              </value>
            </param>
          </params>
          <reporter-output>
          </reporter-output>
        </test-method> <!-- tearDown -->
      </class> <!-- com.cutanddry.qa.synthetic_monitoring.dicarlo.VerifyTheDraftsTest -->
      <class name="com.cutanddry.qa.synthetic_monitoring.dicarlo.VerifyCustomerOrderGuideTest">
        <test-method is-config="true" signature="setUp()[pri:0, instance:com.cutanddry.qa.synthetic_monitoring.dicarlo.VerifyCustomerOrderGuideTest@5f058f00]" started-at="2024-10-30T11:56:36 IST" name="setUp" finished-at="2024-10-30T11:56:40 IST" duration-ms="4698" status="PASS">
          <reporter-output>
          </reporter-output>
        </test-method> <!-- setUp -->
        <test-method signature="VerifyCustomerOrderGuide()[pri:0, instance:com.cutanddry.qa.synthetic_monitoring.dicarlo.VerifyCustomerOrderGuideTest@5f058f00]" started-at="2024-10-30T11:56:40 IST" name="VerifyCustomerOrderGuide" finished-at="2024-10-30T11:57:10 IST" duration-ms="29400" status="PASS">
          <reporter-output>
          </reporter-output>
        </test-method> <!-- VerifyCustomerOrderGuide -->
        <test-method is-config="true" signature="tearDown(org.testng.ITestResult)[pri:0, instance:com.cutanddry.qa.synthetic_monitoring.dicarlo.VerifyCustomerOrderGuideTest@5f058f00]" started-at="2024-10-30T11:57:10 IST" name="tearDown" finished-at="2024-10-30T11:57:10 IST" duration-ms="125" status="PASS">
          <params>
            <param index="0">
              <value>
                <![CDATA[[TestResult name=VerifyCustomerOrderGuide status=SUCCESS method=VerifyCustomerOrderGuideTest.VerifyCustomerOrderGuide()[pri:0, instance:com.cutanddry.qa.synthetic_monitoring.dicarlo.VerifyCustomerOrderGuideTest@5f058f00] output={null}]]]>
              </value>
            </param>
          </params>
          <reporter-output>
          </reporter-output>
        </test-method> <!-- tearDown -->
      </class> <!-- com.cutanddry.qa.synthetic_monitoring.dicarlo.VerifyCustomerOrderGuideTest -->
    </test> <!-- synthetic monitoring tests -->
  </suite> <!-- bvt suit -->
</testng-results>
