<?xml version="1.0" encoding="UTF-8"?>
<!-- Generated by org.testng.reporters.JUnitXMLReporter -->
<testsuite ignored="0" hostname="Senuris-MacBook-Pro.local" failures="1" tests="17" name="synthetic monitoring tests" time="637.773" errors="0" timestamp="2024-10-30T12:40:24 IST">
  <testcase classname="com.cutanddry.qa.synthetic_monitoring.birite.VerifyCustomerOrderGuideTest" name="VerifyCustomerOrderGuide" time="21.581"/>
  <testcase classname="com.cutanddry.qa.synthetic_monitoring.birite.VerifyCustomerCatalogTest" name="VerifyCustomerCatalog" time="23.087"/>
  <testcase classname="com.cutanddry.qa.synthetic_monitoring.birite.VerifyCustomerEditTest" name="VerifyCustomerEdit" time="75.495"/>
  <testcase classname="com.cutanddry.qa.synthetic_monitoring.birite.VerifyCustomerSearchTest" name="VerifyCustomerSearch" time="30.967"/>
  <testcase classname="com.cutanddry.qa.synthetic_monitoring.birite.VerifyTheDraftsTest" name="VerifyTheDrafts" time="16.25"/>
  <testcase classname="com.cutanddry.qa.synthetic_monitoring.birite.VerifyTheChatTest" name="VerifyTheChat" time="196.463">
    <failure type="java.lang.AssertionError" message="The following asserts failed:
	navigation error expected [true] but found [false]">
      <![CDATA[java.lang.AssertionError: The following asserts failed:
navigation error expected [true] but found [false]
at com.cutanddry.qa.synthetic_monitoring.birite.VerifyTheChatTest.VerifyTheChat(VerifyTheChatTest.java:35)
at java.base/java.util.ArrayList.forEach(ArrayList.java:1597)
at java.base/java.util.concurrent.FutureTask.run(FutureTask.java:317)
at java.base/java.util.concurrent.ThreadPoolExecutor.runWorker(ThreadPoolExecutor.java:1144)
at java.base/java.util.concurrent.ThreadPoolExecutor$Worker.run(ThreadPoolExecutor.java:642)
at java.base/java.lang.Thread.run(Thread.java:1570)
... Removed 17 stack frames]]>
    </failure>
  </testcase> <!-- VerifyTheChat -->
  <testcase classname="com.cutanddry.qa.synthetic_monitoring.birite.VerifySettingsProfileTest" name="VerifyProfileSettings" time="19.613"/>
  <testcase classname="com.cutanddry.qa.synthetic_monitoring.birite.VerifySettingsRestaurantTest" name="VerifySettingsRestaurant" time="19.293"/>
  <testcase classname="com.cutanddry.qa.synthetic_monitoring.birite.VerifySettingsLocationTest" name="VerifySettingsLocation" time="20.466"/>
  <testcase classname="com.cutanddry.qa.synthetic_monitoring.birite.VerifySettingsAccountingTest" name="VerifySettingsLocation" time="21.682"/>
  <testcase classname="com.cutanddry.qa.synthetic_monitoring.birite.VerifyThePaySectionTest" name="VerifyThePaySection" time="15.321"/>
  <testcase classname="com.cutanddry.qa.synthetic_monitoring.birite.VerifyTheHistoryTest" name="VerifyTheHistory" time="16.548"/>
  <testcase classname="com.cutanddry.qa.synthetic_monitoring.birite.VerifyTheUsersTest" name="VerifyTheUsers" time="13.552"/>
  <testcase classname="com.cutanddry.qa.synthetic_monitoring.birite.VerifyTheReportsTest" name="VerifyTheReports" time="14.064"/>
  <testcase classname="com.cutanddry.qa.synthetic_monitoring.birite.VerifyTheSuppliersTest" name="VerifyTheSuppliers" time="13.841"/>
  <testcase classname="com.cutanddry.qa.synthetic_monitoring.birite.VerifyTheSupportTest" name="VerifyTheSupport" time="20.344"/>
  <testcase classname="com.cutanddry.qa.synthetic_monitoring.birite.VerifyTheRewardsTest" name="VerifyTheRewards" time="12.855"/>
</testsuite> <!-- synthetic monitoring tests -->
