<?xml version="1.0" encoding="UTF-8"?>
<!-- Generated by org.testng.reporters.JUnitXMLReporter -->
<testsuite ignored="0" hostname="Senuris-MacBook-Pro.local" failures="0" tests="11" name="synthetic monitoring tests" time="308.06" errors="0" timestamp="2024-10-30T12:01:44 IST">
  <testcase classname="com.cutanddry.qa.synthetic_monitoring.dicarlo.VerifyCustomerOrderGuideTest" name="VerifyCustomerOrderGuide" time="29.4"/>
  <testcase classname="com.cutanddry.qa.synthetic_monitoring.dicarlo.VerifyCustomerCatalogTest" name="VerifyCustomerCatalog" time="31.431"/>
  <testcase classname="com.cutanddry.qa.synthetic_monitoring.dicarlo.VerifyCustomerEditTest" name="VerifyCustomerEdit" time="40.053"/>
  <testcase classname="com.cutanddry.qa.synthetic_monitoring.dicarlo.VerifyCustomerSearchTest" name="VerifyCustomerSearch" time="42.848"/>
  <testcase classname="com.cutanddry.qa.synthetic_monitoring.dicarlo.VerifyTheDraftsTest" name="VerifyTheDrafts" time="13.867"/>
  <testcase classname="com.cutanddry.qa.synthetic_monitoring.dicarlo.VerifyTheChatTest" name="VerifyTheChat" time="16.97"/>
  <testcase classname="com.cutanddry.qa.synthetic_monitoring.dicarlo.VerifySettingsProfileTest" name="VerifyProfileSettings" time="16.965"/>
  <testcase classname="com.cutanddry.qa.synthetic_monitoring.dicarlo.VerifySettingsRestaurantTest" name="VerifySettingsRestaurant" time="17.014"/>
  <testcase classname="com.cutanddry.qa.synthetic_monitoring.dicarlo.VerifySettingsLocationTest" name="VerifySettingsLocation" time="16.682"/>
  <testcase classname="com.cutanddry.qa.synthetic_monitoring.dicarlo.VerifyTheHistoryTest" name="VerifyTheHistory" time="15.822"/>
  <testcase classname="com.cutanddry.qa.synthetic_monitoring.dicarlo.VerifyTheUsersTest" name="VerifyTheUsers" time="14.691"/>
</testsuite> <!-- synthetic monitoring tests -->
